[03/Aug/2015 03:49:21]"GET / HTTP/1.1" 200 2758
[03/Aug/2015 03:49:22]"GET /static/css/bootstrap.min.css HTTP/1.1" 304 0
[03/Aug/2015 03:49:22]"GET /static/css/bootstrap-theme.css HTTP/1.1" 304 0
[03/Aug/2015 03:49:22]"GET /static/js/jquery.min.js HTTP/1.1" 304 0
[03/Aug/2015 03:49:22]"GET /static/js/bootstrap-min.js HTTP/1.1" 404 1671
[03/Aug/2015 03:49:32]"GET / HTTP/1.1" 200 2758
[03/Aug/2015 03:49:33]"GET /static/js/bootstrap-min.js HTTP/1.1" 404 1671
Performing system checks...

System check identified no issues (0 silenced).
August 03, 2015 - 03:49:05
Django version 1.8.3, using settings 'WolfScoreDashboard.settings'
Starting development server at http://0.0.0.0:80/
Quit the server with CONTROL-C.
[03/Aug/2015 03:50:30]"GET / HTTP/1.1" 200 2758
[03/Aug/2015 03:50:30]"GET /static/js/bootstrap-min.js HTTP/1.1" 404 1671
[03/Aug/2015 03:50:50]"GET http://zc.qq.com/cgi-bin/chs/numreg/init? HTTP/1.0" 404 1713
[03/Aug/2015 03:52:32]"GET / HTTP/1.1" 200 2759
[03/Aug/2015 03:52:33]"GET /static/css/bootstrap.min.css HTTP/1.1" 304 0
[03/Aug/2015 03:52:33]"GET /static/css/bootstrap-theme.css HTTP/1.1" 304 0
[03/Aug/2015 03:52:33]"GET /static/js/bootstrap-min.js HTTP/1.1" 404 1671
[03/Aug/2015 03:52:33]"GET /static/js/jquery.min.js HTTP/1.1" 304 0
[03/Aug/2015 03:53:07]"GET / HTTP/1.1" 200 2759
[03/Aug/2015 03:53:11]"GET /static/css/bootstrap-theme.css HTTP/1.1" 200 4909
[03/Aug/2015 03:53:12]"GET /static/css/bootstrap.min.css HTTP/1.1" 200 98453
[03/Aug/2015 03:53:15]"GET /static/js/bootstrap-min.js HTTP/1.1" 404 1671
[03/Aug/2015 03:53:16]"GET /static/js/jquery.min.js HTTP/1.1" 200 83095
[03/Aug/2015 03:53:23]"GET /static/css/bootstrap.min.css HTTP/1.1" 200 98453
[03/Aug/2015 03:56:57]"GET http://zc.qq.com/cgi-bin/chs/numreg/init? HTTP/1.0" 404 1713
[03/Aug/2015 03:57:51]"GET / HTTP/1.1" 200 2759
[03/Aug/2015 03:57:51]"GET /static/css/bootstrap-theme.css HTTP/1.1" 200 4909
[03/Aug/2015 03:57:51]"GET /static/js/bootstrap-min.js HTTP/1.1" 404 1671
[03/Aug/2015 03:57:52]"GET /static/css/bootstrap.min.css HTTP/1.1" 200 98453
[03/Aug/2015 03:57:52]"GET /static/js/jquery.min.js HTTP/1.1" 200 83095
[03/Aug/2015 03:57:54]"GET /favicon.ico HTTP/1.1" 404 2064
[03/Aug/2015 03:57:55]"GET /favicon.ico HTTP/1.1" 404 2064
[03/Aug/2015 03:57:55]"GET /favicon.ico HTTP/1.1" 404 2064
[03/Aug/2015 03:58:08]"GET / HTTP/1.1" 200 2759
[03/Aug/2015 03:58:28]"GET / HTTP/1.1" 200 2759
[03/Aug/2015 03:58:28]"GET /static/js/bootstrap-min.js HTTP/1.1" 404 1671
[03/Aug/2015 03:59:05]"GET /admin HTTP/1.1" 301 0
[03/Aug/2015 03:59:06]"GET /admin/ HTTP/1.1" 302 0
[03/Aug/2015 03:59:07]"GET /admin/login/?next=/admin/ HTTP/1.1" 200 1915
[03/Aug/2015 03:59:07]"GET /static/admin/css/base.css HTTP/1.1" 200 14049
[03/Aug/2015 03:59:07]"GET /static/admin/css/login.css HTTP/1.1" 200 940
[03/Aug/2015 03:59:08]"GET /static/admin/img/nav-bg.gif HTTP/1.1" 200 265
[03/Aug/2015 03:59:09]"GET /favicon.ico HTTP/1.1" 404 2064
[03/Aug/2015 03:59:11]"GET /favicon.ico HTTP/1.1" 404 2064
[03/Aug/2015 03:59:11]"GET /favicon.ico HTTP/1.1" 404 2064
[03/Aug/2015 03:59:45]"POST /admin/login/?next=/admin/ HTTP/1.1" 302 0
[03/Aug/2015 03:59:46]"GET /admin/ HTTP/1.1" 200 3647
[03/Aug/2015 03:59:46]"GET /static/admin/css/dashboard.css HTTP/1.1" 200 434
[03/Aug/2015 03:59:47]"GET /static/admin/img/default-bg.gif HTTP/1.1" 200 836
[03/Aug/2015 03:59:47]"GET /static/admin/img/icon_addlink.gif HTTP/1.1" 200 119
[03/Aug/2015 03:59:47]"GET /static/admin/img/icon_changelink.gif HTTP/1.1" 200 119
[03/Aug/2015 03:59:47]"GET /favicon.ico HTTP/1.1" 404 2064
[03/Aug/2015 03:59:49]"GET /favicon.ico HTTP/1.1" 404 2064
[03/Aug/2015 03:59:49]"GET /favicon.ico HTTP/1.1" 404 2064
[03/Aug/2015 04:00:43]"GET /admin/login/?next=/admin/ HTTP/1.1" 302 0
[03/Aug/2015 04:00:44]"GET /favicon.ico HTTP/1.1" 404 2064
[03/Aug/2015 04:00:46]"GET /favicon.ico HTTP/1.1" 404 2064
[03/Aug/2015 04:00:46]"GET /favicon.ico HTTP/1.1" 404 2064
[03/Aug/2015 04:01:34]"GET / HTTP/1.1" 200 2759
[03/Aug/2015 04:01:34]"GET /static/css/bootstrap-theme.css HTTP/1.1" 200 4909
[03/Aug/2015 04:01:34]"GET /static/js/bootstrap-min.js HTTP/1.1" 404 1671
[03/Aug/2015 04:01:35]"GET /static/css/bootstrap.min.css HTTP/1.1" 200 98453
[03/Aug/2015 04:01:35]"GET /static/js/jquery.min.js HTTP/1.1" 200 83095
[03/Aug/2015 04:08:57]"GET http://zc.qq.com/cgi-bin/chs/numreg/init? HTTP/1.0" 404 1713
[03/Aug/2015 04:12:54]"GET /static/js/bootstrap-min.js HTTP/1.1" 404 1671
[03/Aug/2015 04:12:54]"GET /static/js/jquery.min.js HTTP/1.1" 200 83095
[03/Aug/2015 04:15:39]"GET http://zc.qq.com/cgi-bin/chs/numreg/init? HTTP/1.0" 404 1713
[03/Aug/2015 04:20:27]"GET / HTTP/1.1" 200 2759
[03/Aug/2015 04:20:27]"GET /static/css/bootstrap-theme.css HTTP/1.1" 200 4909
[03/Aug/2015 04:20:27]"GET /static/js/bootstrap-min.js HTTP/1.1" 404 1671
[03/Aug/2015 04:20:28]"GET /static/css/bootstrap.min.css HTTP/1.1" 200 98453
[03/Aug/2015 04:20:28]"GET /static/js/jquery.min.js HTTP/1.1" 200 83095
[03/Aug/2015 04:20:29]"GET /favicon.ico HTTP/1.1" 404 2064
[03/Aug/2015 04:21:04]"GET /test HTTP/1.1" 404 2043
[03/Aug/2015 04:21:19]"GET /admin HTTP/1.1" 301 0
[03/Aug/2015 04:21:19]"GET /admin/ HTTP/1.1" 302 0
[03/Aug/2015 04:21:19]"GET /admin/login/?next=/admin/ HTTP/1.1" 200 1915
[03/Aug/2015 04:21:20]"GET /static/admin/css/base.css HTTP/1.1" 200 14049
[03/Aug/2015 04:21:20]"GET /static/admin/css/login.css HTTP/1.1" 200 940
[03/Aug/2015 04:21:20]"GET /static/admin/img/nav-bg.gif HTTP/1.1" 200 265
[03/Aug/2015 04:21:26]"POST /admin/login/?next=/admin/ HTTP/1.1" 200 2076
[03/Aug/2015 04:21:27]"GET /static/admin/img/icon_error.gif HTTP/1.1" 200 319
[03/Aug/2015 04:21:51]"GET http://zc.qq.com/cgi-bin/chs/numreg/init? HTTP/1.0" 404 1713
[03/Aug/2015 04:21:52]"POST /admin/login/?next=/admin/ HTTP/1.1" 200 2076
[03/Aug/2015 04:22:21]"POST /admin/login/?next=/admin/ HTTP/1.1" 200 2084
[03/Aug/2015 04:22:31]"POST /admin/login/?next=/admin/ HTTP/1.1" 200 2084
[03/Aug/2015 04:22:42]"POST /admin/login/?next=/admin/ HTTP/1.1" 200 2078
[03/Aug/2015 04:22:50]"POST /admin/login/?next=/admin/ HTTP/1.1" 200 2076
[03/Aug/2015 04:24:26]"POST /admin/login/?next=/admin/ HTTP/1.1" 200 2084
[03/Aug/2015 04:24:26]"GET /static/admin/img/nav-bg-reverse.gif HTTP/1.1" 200 178
[03/Aug/2015 04:25:07]"GET / HTTP/1.1" 200 2759
[03/Aug/2015 04:25:07]"GET /static/css/bootstrap-theme.css HTTP/1.1" 200 4909
[03/Aug/2015 04:25:07]"GET /static/js/bootstrap-min.js HTTP/1.1" 404 1670
[03/Aug/2015 04:25:08]"GET /static/css/bootstrap.min.css HTTP/1.1" 200 98453
[03/Aug/2015 04:25:08]"GET /static/js/jquery.min.js HTTP/1.1" 200 83095
[03/Aug/2015 04:25:09]"GET /favicon.ico HTTP/1.1" 404 2063
[03/Aug/2015 04:26:46]"POST /admin/login/?next=/admin/ HTTP/1.1" 200 2059
[03/Aug/2015 04:26:52]"POST /admin/login/?next=/admin/ HTTP/1.1" 200 2087
[03/Aug/2015 04:28:57]"GET /robots.txt HTTP/1.1" 404 2065
[03/Aug/2015 04:28:58]"GET / HTTP/1.1" 200 2759
Traceback (most recent call last):
  File "/usr/lib/python2.7/SocketServer.py", line 593, in process_request_thread
Traceback (most recent call last):
  File "/usr/lib/python2.7/SocketServer.py", line 593, in process_request_thread
    self.finish_request(request, client_address)
  File "/usr/lib/python2.7/SocketServer.py", line 334, in finish_request
    self.RequestHandlerClass(request, client_address, self)
  File "/usr/local/lib/python2.7/dist-packages/django/core/servers/basehttp.py", line 102, in __init__
    super(WSGIRequestHandler, self).__init__(*args, **kwargs)
  File "/usr/lib/python2.7/SocketServer.py", line 649, in __init__
    self.handle()
  File "/usr/local/lib/python2.7/dist-packages/django/core/servers/basehttp.py", line 167, in handle
    self.raw_requestline = self.rfile.readline(65537)
  File "/usr/lib/python2.7/socket.py", line 476, in readline
    data = self._sock.recv(self._rbufsize)
error: [Errno 104] Connection reset by peer
Traceback (most recent call last):
  File "/usr/lib/python2.7/SocketServer.py", line 593, in process_request_thread
    self.finish_request(request, client_address)
  File "/usr/lib/python2.7/SocketServer.py", line 334, in finish_request
    self.RequestHandlerClass(request, client_address, self)
  File "/usr/local/lib/python2.7/dist-packages/django/core/servers/basehttp.py", line 102, in __init__
    super(WSGIRequestHandler, self).__init__(*args, **kwargs)
  File "/usr/lib/python2.7/SocketServer.py", line 649, in __init__
    self.handle()
  File "/usr/local/lib/python2.7/dist-packages/django/core/servers/basehttp.py", line 167, in handle
    self.raw_requestline = self.rfile.readline(65537)
  File "/usr/lib/python2.7/socket.py", line 476, in readline
    data = self._sock.recv(self._rbufsize)
error: [Errno 104] Connection reset by peer
    self.finish_request(request, client_address)
  File "/usr/lib/python2.7/SocketServer.py", line 334, in finish_request
    self.RequestHandlerClass(request, client_address, self)
  File "/usr/local/lib/python2.7/dist-packages/django/core/servers/basehttp.py", line 102, in __init__
    super(WSGIRequestHandler, self).__init__(*args, **kwargs)
  File "/usr/lib/python2.7/SocketServer.py", line 649, in __init__
    self.handle()
  File "/usr/local/lib/python2.7/dist-packages/django/core/servers/basehttp.py", line 167, in handle
    self.raw_requestline = self.rfile.readline(65537)
  File "/usr/lib/python2.7/socket.py", line 476, in readline
    data = self._sock.recv(self._rbufsize)
error: [Errno 104] Connection reset by peer
[03/Aug/2015 04:33:54]"GET http://zc.qq.com/cgi-bin/chs/numreg/init? HTTP/1.0" 404 1713
[03/Aug/2015 04:34:30]"GET / HTTP/1.1" 200 2759
[03/Aug/2015 04:34:30]"GET /static/css/bootstrap-theme.css HTTP/1.1" 200 4909
[03/Aug/2015 04:34:32]"GET /static/js/bootstrap-min.js HTTP/1.1" 404 1671
[03/Aug/2015 04:34:33]"GET /static/js/jquery.min.js HTTP/1.1" 200 83095
[03/Aug/2015 04:34:34]"GET /static/css/bootstrap.min.css HTTP/1.1" 200 98453
[03/Aug/2015 04:40:02]"GET http://zc.qq.com/cgi-bin/chs/numreg/init? HTTP/1.0" 404 1713
[03/Aug/2015 04:45:50]"GET http://zc.qq.com/cgi-bin/chs/numreg/init? HTTP/1.0" 404 1713
[03/Aug/2015 04:52:03]"GET http://zc.qq.com/cgi-bin/chs/numreg/init? HTTP/1.0" 404 1713
[03/Aug/2015 04:53:53]"POST /admin/login/?next=/admin/ HTTP/1.1" 200 2076
[03/Aug/2015 04:53:57]"GET /favicon.ico HTTP/1.1" 404 2064
[03/Aug/2015 04:55:34]"GET / HTTP/1.1" 200 2759
[03/Aug/2015 04:55:34]"GET /static/css/bootstrap-theme.css HTTP/1.1" 304 0
[03/Aug/2015 04:55:34]"GET /static/css/bootstrap.min.css HTTP/1.1" 304 0
[03/Aug/2015 04:55:34]"GET /static/js/bootstrap-min.js HTTP/1.1" 404 1671
[03/Aug/2015 04:55:35]"GET /static/js/jquery.min.js HTTP/1.1" 304 0
[03/Aug/2015 04:55:50]"POST /admin/login/?next=/admin/ HTTP/1.1" 200 2076
[03/Aug/2015 04:55:58]"POST /admin/login/?next=/admin/ HTTP/1.1" 200 2076
[03/Aug/2015 04:58:10]"GET http://zc.qq.com/cgi-bin/chs/numreg/init? HTTP/1.0" 404 1713
[03/Aug/2015 05:01:53]"POST /admin/login/?next=/admin/ HTTP/1.1" 200 2075
[03/Aug/2015 05:01:56]"POST /admin/login/?next=/admin/ HTTP/1.1" 200 2075
[03/Aug/2015 05:03:10]"POST /admin/login/?next=/admin/ HTTP/1.1" 200 2075
[03/Aug/2015 05:04:24]"POST /admin/login/?next=/admin/ HTTP/1.1" 200 2075
[03/Aug/2015 05:04:33]"GET http://zc.qq.com/cgi-bin/chs/numreg/init? HTTP/1.0" 404 1713
[03/Aug/2015 05:10:40]"GET http://zc.qq.com/cgi-bin/chs/numreg/init? HTTP/1.0" 404 1713
[03/Aug/2015 05:17:02]"GET http://zc.qq.com/cgi-bin/chs/numreg/init? HTTP/1.0" 404 1713
[03/Aug/2015 05:22:37]"GET http://zc.qq.com/cgi-bin/chs/numreg/init? HTTP/1.0" 404 1713
[03/Aug/2015 05:28:22]"GET / HTTP/1.1" 200 2759
[03/Aug/2015 05:28:23]"GET /static/css/bootstrap-theme.css HTTP/1.1" 200 4909
[03/Aug/2015 05:28:23]"GET /static/js/bootstrap-min.js HTTP/1.1" 404 1675
[03/Aug/2015 05:28:23]"GET /static/js/jquery.min.js HTTP/1.1" 200 83095
[03/Aug/2015 05:28:23]"GET /static/css/bootstrap.min.css HTTP/1.1" 200 98453
[03/Aug/2015 05:28:25]"GET /favicon.ico HTTP/1.1" 404 2068
[03/Aug/2015 05:28:56]"GET / HTTP/1.1" 200 2759
[03/Aug/2015 05:28:56]"GET /static/js/bootstrap-min.js HTTP/1.1" 404 1675
[03/Aug/2015 05:29:30]"GET / HTTP/1.1" 200 2759
[03/Aug/2015 05:29:30]"GET /static/js/bootstrap-min.js HTTP/1.1" 404 1675
[03/Aug/2015 05:29:40]"POST /admin/login/?next=/admin/ HTTP/1.1" 200 2075
[03/Aug/2015 05:29:41]"GET /favicon.ico HTTP/1.1" 404 2064
[03/Aug/2015 05:30:03]"GET /admin HTTP/1.1" 301 0
[03/Aug/2015 05:30:03]"GET /admin/ HTTP/1.1" 302 0
[03/Aug/2015 05:30:04]"GET /admin/login/?next=/admin/ HTTP/1.1" 200 1915
[03/Aug/2015 05:30:04]"GET /static/admin/css/base.css HTTP/1.1" 200 14049
[03/Aug/2015 05:30:04]"GET /static/admin/css/login.css HTTP/1.1" 200 940
[03/Aug/2015 05:30:04]"GET /static/admin/img/nav-bg.gif HTTP/1.1" 200 265
[03/Aug/2015 05:30:05]"GET /favicon.ico HTTP/1.1" 404 2064
[03/Aug/2015 05:30:05]"GET /favicon.ico HTTP/1.1" 404 2064
[03/Aug/2015 05:30:54]"GET / HTTP/1.1" 200 2759
[03/Aug/2015 05:30:54]"GET /static/js/bootstrap-min.js HTTP/1.1" 404 1675
[03/Aug/2015 05:31:01]"GET /admin/login%EF%BC%9Fid_username=wolf&id_password=pbkdf2_sha256$24000$cG8RcAdZx2NS$8mMzJHfdAVBRS1KVL49vcUUDHkxXg0iUaT6eQAuZivY= HTTP/1.1" 404 4348
[03/Aug/2015 05:31:36]"POST /admin/login/?next=/admin/ HTTP/1.1" 200 2078
[03/Aug/2015 05:31:36]"GET /static/admin/img/icon_error.gif HTTP/1.1" 200 319
[03/Aug/2015 05:31:56]"POST /admin/login/?next=/admin/ HTTP/1.1" 200 2078
[03/Aug/2015 05:31:58]"GET /static/admin/img/nav-bg-reverse.gif HTTP/1.1" 200 178
[03/Aug/2015 05:31:58]"POST /admin/login/?next=/admin/ HTTP/1.1" 200 2078
[03/Aug/2015 05:31:59]"GET /admin/login%EF%BC%9Fid_username=wolf&id_password=pbkdf2_sha256$24000$cG8RcAdZx2NS$8mMzJHfdAVBRS1KVL49vcUUDHkxXg0iUaT6eQAuZivY= HTTP/1.1" 404 4348
[03/Aug/2015 05:32:07]"GET /admin/login%E3%80%81%EF%BC%9Fid_username=wolf&id_password=pbkdf2_sha256$24000$cG8RcAdZx2NS$8mMzJHfdAVBRS1KVL49vcUUDHkxXg0iUaT6eQAuZivY= HTTP/1.1" 404 4363
[03/Aug/2015 05:32:08]"POST /admin/login/?next=/admin/ HTTP/1.1" 200 2094
[03/Aug/2015 05:32:19]"GET /admin/login?id_username=wolf&id_password=pbkdf2_sha256$24000$cG8RcAdZx2NS$8mMzJHfdAVBRS1KVL49vcUUDHkxXg0iUaT6eQAuZivY= HTTP/1.1" 301 0
[03/Aug/2015 05:32:20]"GET /admin/login/?id_username=wolf&id_password=pbkdf2_sha256$24000$cG8RcAdZx2NS$8mMzJHfdAVBRS1KVL49vcUUDHkxXg0iUaT6eQAuZivY= HTTP/1.1" 200 2130
[03/Aug/2015 05:32:26]"GET /admin/login/?id_username=wolf&id_password=pbkdf2_sha256$24000$cG8RcAdZx2NS$8mMzJHfdAVBRS1KVL49vcUUDHkxXg0iUaT6eQAuZivY= HTTP/1.1" 200 2130
[03/Aug/2015 05:33:19]"GET /admin/login/?id_username=wolf&id_password=pbkdf2_sha256$24000$cG8RcAdZx2NS$8mMzJHfdAVBRS1KVL49vcUUDHkxXg0iUaT6eQAuZivY= HTTP/1.1" 200 2130
[03/Aug/2015 05:33:32]"GET /admin/password_change HTTP/1.1" 301 0
[03/Aug/2015 05:33:33]"GET /admin/password_change/ HTTP/1.1" 302 0
[03/Aug/2015 05:33:34]"GET /admin/login/?next=/admin/password_change/ HTTP/1.1" 200 1947
[03/Aug/2015 05:33:47]"GET /admin/logout HTTP/1.1" 301 0
[03/Aug/2015 05:33:48]"GET /admin/logout/ HTTP/1.1" 302 0
[03/Aug/2015 05:33:49]"GET /admin/ HTTP/1.1" 302 0
[03/Aug/2015 05:33:49]"GET /admin/login/?next=/admin/ HTTP/1.1" 200 1915
[03/Aug/2015 05:34:00]"GET / HTTP/1.1" 200 2759
[03/Aug/2015 05:34:01]"GET /static/css/bootstrap.min.css HTTP/1.1" 304 0
[03/Aug/2015 05:34:01]"GET /static/css/bootstrap-theme.css HTTP/1.1" 304 0
[03/Aug/2015 05:34:01]"GET /static/js/bootstrap-min.js HTTP/1.1" 404 1671
[03/Aug/2015 05:34:01]"GET /static/js/jquery.min.js HTTP/1.1" 304 0
[03/Aug/2015 05:34:13]"GET / HTTP/1.1" 200 2759
[03/Aug/2015 05:34:14]"GET /static/js/bootstrap-min.js HTTP/1.1" 404 1671
[03/Aug/2015 05:34:17]"GET /admin HTTP/1.1" 301 0
[03/Aug/2015 05:34:18]"GET /admin/ HTTP/1.1" 200 3647
[03/Aug/2015 05:34:18]"GET /static/admin/css/base.css HTTP/1.1" 304 0
[03/Aug/2015 05:34:18]"GET /static/admin/css/dashboard.css HTTP/1.1" 304 0
[03/Aug/2015 05:34:18]"GET /static/admin/img/default-bg.gif HTTP/1.1" 304 0
[03/Aug/2015 05:34:18]"GET /static/admin/img/icon_addlink.gif HTTP/1.1" 304 0
[03/Aug/2015 05:34:18]"GET /static/admin/img/icon_changelink.gif HTTP/1.1" 304 0
[03/Aug/2015 05:34:18]"GET /static/admin/img/nav-bg.gif HTTP/1.1" 304 0
[03/Aug/2015 05:34:21]"GET /admin/wolf/player/ HTTP/1.1" 200 9512
[03/Aug/2015 05:34:22]"GET /static/admin/js/core.js HTTP/1.1" 304 0
[03/Aug/2015 05:34:22]"GET /static/admin/css/changelists.css HTTP/1.1" 304 0
[03/Aug/2015 05:34:22]"GET /static/admin/js/jquery.js HTTP/1.1" 304 0
[03/Aug/2015 05:34:22]"GET /static/admin/js/jquery.init.js HTTP/1.1" 304 0
[03/Aug/2015 05:34:22]"GET /admin/jsi18n/ HTTP/1.1" 200 2372
[03/Aug/2015 05:34:22]"GET /static/admin/js/admin/RelatedObjectLookups.js HTTP/1.1" 304 0
[03/Aug/2015 05:34:22]"GET /static/admin/js/actions.js HTTP/1.1" 304 0
[03/Aug/2015 05:34:22]"GET /static/admin/img/icon_searchbox.png HTTP/1.1" 304 0
[03/Aug/2015 05:34:22]"GET /static/admin/img/nav-bg-reverse.gif HTTP/1.1" 304 0
[03/Aug/2015 05:34:22]"GET /static/admin/img/tooltag-add.png HTTP/1.1" 304 0
[03/Aug/2015 05:34:22]"GET /static/admin/img/changelist-bg.gif HTTP/1.1" 304 0
[03/Aug/2015 05:34:22]"GET /static/admin/img/nav-bg-selected.gif HTTP/1.1" 304 0
[03/Aug/2015 05:34:22]"GET /static/admin/img/sorting-icons.gif HTTP/1.1" 304 0
[03/Aug/2015 05:35:02]"GET http://zc.qq.com/cgi-bin/chs/numreg/init? HTTP/1.0" 404 1713
[03/Aug/2015 05:35:32]"GET /admin/login%EF%BC%9Fusername=wolf&password=pbkdf2_sha256$24000$cG8RcAdZx2NS$8mMzJHfdAVBRS1KVL49vcUUDHkxXg0iUaT6eQAuZivY= HTTP/1.1" 404 4330
[03/Aug/2015 05:35:42]"GET /admin/login%EF%BC%9Fusername=wolf&password=pbkdf2_sha256$24000$cG8RcAdZx2NS$8mMzJHfdAVBRS1KVL49vcUUDHkxXg0iUaT6eQAuZivY= HTTP/1.1" 404 4330
[03/Aug/2015 05:35:55]"GET /admin/login?username=wolf&password=pbkdf2_sha256$24000$cG8RcAdZx2NS$8mMzJHfdAVBRS1KVL49vcUUDHkxXg0iUaT6eQAuZivY= HTTP/1.1" 301 0
[03/Aug/2015 05:35:56]"GET /admin/login/?username=wolf&password=pbkdf2_sha256$24000$cG8RcAdZx2NS$8mMzJHfdAVBRS1KVL49vcUUDHkxXg0iUaT6eQAuZivY= HTTP/1.1" 200 2118
[03/Aug/2015 05:36:02]"GET /admin/login/?username=wolf&password=pbkdf2_sha256$24000$cG8RcAdZx2NS$8mMzJHfdAVBRS1KVL49vcUUDHkxXg0iUaT6eQAuZivY= HTTP/1.1" 200 2118
[03/Aug/2015 05:36:19]"POST /admin/login/?username=wolf&password=pbkdf2_sha256$24000$cG8RcAdZx2NS$8mMzJHfdAVBRS1KVL49vcUUDHkxXg0iUaT6eQAuZivY= HTTP/1.1" 200 2278
[03/Aug/2015 05:36:30]"POST /admin/login/?username=wolf&password=pbkdf2_sha256$24000$cG8RcAdZx2NS$8mMzJHfdAVBRS1KVL49vcUUDHkxXg0iUaT6eQAuZivY= HTTP/1.1" 200 2278
[03/Aug/2015 05:36:34]"POST /admin/login/?username=wolf&password=pbkdf2_sha256$24000$cG8RcAdZx2NS$8mMzJHfdAVBRS1KVL49vcUUDHkxXg0iUaT6eQAuZivY= HTTP/1.1" 200 2278
[03/Aug/2015 05:36:39]"POST /admin/login/?username=wolf&password=pbkdf2_sha256$24000$cG8RcAdZx2NS$8mMzJHfdAVBRS1KVL49vcUUDHkxXg0iUaT6eQAuZivY= HTTP/1.1" 200 2278
[03/Aug/2015 05:36:45]"POST /admin/login/?username=wolf&password=pbkdf2_sha256$24000$cG8RcAdZx2NS$8mMzJHfdAVBRS1KVL49vcUUDHkxXg0iUaT6eQAuZivY= HTTP/1.1" 200 2278
[03/Aug/2015 05:36:49]"POST /admin/login/?username=wolf&password=pbkdf2_sha256$24000$cG8RcAdZx2NS$8mMzJHfdAVBRS1KVL49vcUUDHkxXg0iUaT6eQAuZivY= HTTP/1.1" 200 2278
[03/Aug/2015 05:37:36]"POST /admin/login/?username=wolf&password=pbkdf2_sha256$24000$cG8RcAdZx2NS$8mMzJHfdAVBRS1KVL49vcUUDHkxXg0iUaT6eQAuZivY= HTTP/1.1" 200 2278
[03/Aug/2015 05:38:26]"GET /admin HTTP/1.1" 301 0
[03/Aug/2015 05:38:26]"GET /admin/ HTTP/1.1" 302 0
[03/Aug/2015 05:38:27]"GET /admin/login/?next=/admin/ HTTP/1.1" 200 1915
[03/Aug/2015 05:38:27]"GET /static/admin/css/base.css HTTP/1.1" 200 14049
[03/Aug/2015 05:38:27]"GET /static/admin/css/login.css HTTP/1.1" 200 940
[03/Aug/2015 05:38:27]"GET /static/admin/img/nav-bg.gif HTTP/1.1" 200 265
[03/Aug/2015 05:38:28]"GET /favicon.ico HTTP/1.1" 404 2064
[03/Aug/2015 05:38:52]"POST /admin/login/?next=/admin/ HTTP/1.1" 200 2073
[03/Aug/2015 05:38:52]"GET /static/admin/img/icon_error.gif HTTP/1.1" 200 319
[03/Aug/2015 05:38:53]"GET /favicon.ico HTTP/1.1" 404 2064
[03/Aug/2015 05:39:30]"POST /admin/login/?username=wolf&password=pbkdf2_sha256$24000$cG8RcAdZx2NS$8mMzJHfdAVBRS1KVL49vcUUDHkxXg0iUaT6eQAuZivY= HTTP/1.1" 200 2278
[03/Aug/2015 05:40:00]"GET /static/ HTTP/1.1" 404 1624
[03/Aug/2015 05:40:18]"GET /admin/ HTTP/1.1" 302 0
[03/Aug/2015 05:40:18]"GET /admin/login/?next=/admin/ HTTP/1.1" 200 1915
[03/Aug/2015 05:41:15]"GET http://zc.qq.com/cgi-bin/chs/numreg/init? HTTP/1.0" 404 1713
[03/Aug/2015 05:43:46]"GET /admin HTTP/1.1" 301 0
[03/Aug/2015 05:43:47]"GET /admin/ HTTP/1.1" 302 0
[03/Aug/2015 05:43:47]"GET /admin/login/?next=/admin/ HTTP/1.1" 200 1915
[03/Aug/2015 05:43:48]"GET /static/admin/css/login.css HTTP/1.1" 304 0
[03/Aug/2015 05:43:48]"GET /static/admin/css/base.css HTTP/1.1" 304 0
[03/Aug/2015 05:43:49]"GET /static/admin/img/nav-bg.gif HTTP/1.1" 304 0
[03/Aug/2015 05:44:14]"POST /admin/login/?next=/admin/ HTTP/1.1" 302 0
[03/Aug/2015 05:44:15]"GET /admin/ HTTP/1.1" 200 3647
[03/Aug/2015 05:44:15]"GET /static/admin/css/dashboard.css HTTP/1.1" 200 434
[03/Aug/2015 05:44:16]"GET /static/admin/img/default-bg.gif HTTP/1.1" 200 836
[03/Aug/2015 05:44:16]"GET /static/admin/img/icon_addlink.gif HTTP/1.1" 200 119
[03/Aug/2015 05:44:16]"GET /static/admin/img/icon_changelink.gif HTTP/1.1" 200 119
[03/Aug/2015 05:44:43]"GET /admin/wolf/player/add/ HTTP/1.1" 200 4954
[03/Aug/2015 05:44:44]"GET /static/admin/css/forms.css HTTP/1.1" 200 6283
[03/Aug/2015 05:44:44]"GET /static/admin/css/widgets.css HTTP/1.1" 200 10590
[03/Aug/2015 05:44:44]"GET /static/admin/js/admin/RelatedObjectLookups.js HTTP/1.1" 200 4464
[03/Aug/2015 05:44:44]"GET /static/admin/js/core.js HTTP/1.1" 200 7522
[03/Aug/2015 05:44:44]"GET /static/admin/js/actions.js HTTP/1.1" 200 4910
[03/Aug/2015 05:44:44]"GET /admin/jsi18n/ HTTP/1.1" 200 2372
[03/Aug/2015 05:44:45]"GET /static/admin/js/jquery.init.js HTTP/1.1" 200 326
[03/Aug/2015 05:44:47]"GET /static/admin/js/jquery.js HTTP/1.1" 200 284184
[03/Aug/2015 05:44:48]"GET /static/admin/img/nav-bg-reverse.gif HTTP/1.1" 200 178
[03/Aug/2015 05:45:16]"GET /admin/login/?username=wolf&password=cG8RcAdZx2NS$8mMzJHfdAVBRS1KVL49vcUUDHkxXg0iUaT6eQAuZivY= HTTP/1.1" 200 2078
[03/Aug/2015 05:45:39]"GET /admin/login/?username=wolf&password=8mMzJHfdAVBRS1KVL49vcUUDHkxXg0iUaT6eQAuZivY= HTTP/1.1" 200 2052
[03/Aug/2015 05:45:50]"POST /admin/login/?username=wolf&password=8mMzJHfdAVBRS1KVL49vcUUDHkxXg0iUaT6eQAuZivY= HTTP/1.1" 200 2212
[03/Aug/2015 05:46:00]"POST /admin/wolf/player/add/ HTTP/1.1" 500 206299
[03/Aug/2015 05:46:02]"GET /admin/login/?id_username=wolf&id_password=8mMzJHfdAVBRS1KVL49vcUUDHkxXg0iUaT6eQAuZivY= HTTP/1.1" 200 2064
[03/Aug/2015 05:46:52]"GET http://zc.qq.com/cgi-bin/chs/numreg/init? HTTP/1.0" 404 1713
[03/Aug/2015 05:49:17]"GET /admin/login/?id_username=wolf&id_password=c3$w%DD%81PQKR/oqE%03%1ELWHi%3E@ HTTP/1.1" 200 2040
[03/Aug/2015 05:49:18]"GET /static/admin/css/base.css HTTP/1.1" 304 0
[03/Aug/2015 05:49:18]"GET /static/admin/css/login.css HTTP/1.1" 304 0
[03/Aug/2015 05:53:03]"GET /admin/wolf/player/add/ HTTP/1.1" 200 4954
[03/Aug/2015 05:53:03]"GET /static/admin/css/base.css HTTP/1.1" 304 0
[03/Aug/2015 05:53:03]"GET /static/admin/css/forms.css HTTP/1.1" 304 0
[03/Aug/2015 05:53:04]"GET /static/admin/css/widgets.css HTTP/1.1" 304 0
[03/Aug/2015 05:53:04]"GET /admin/jsi18n/ HTTP/1.1" 200 2372
[03/Aug/2015 05:53:05]"GET /static/admin/js/core.js HTTP/1.1" 304 0
[03/Aug/2015 05:53:05]"GET /static/admin/js/admin/RelatedObjectLookups.js HTTP/1.1" 304 0
[03/Aug/2015 05:53:05]"GET /static/admin/js/jquery.js HTTP/1.1" 304 0
[03/Aug/2015 05:53:06]"GET /static/admin/js/jquery.init.js HTTP/1.1" 304 0
[03/Aug/2015 05:53:06]"GET /static/admin/js/actions.js HTTP/1.1" 304 0
[03/Aug/2015 05:53:07]"GET /static/admin/img/nav-bg.gif HTTP/1.1" 304 0
[03/Aug/2015 05:53:07]"GET /static/admin/img/default-bg.gif HTTP/1.1" 304 0
[03/Aug/2015 05:53:07]"GET /static/admin/img/nav-bg-reverse.gif HTTP/1.1" 304 0
Traceback (most recent call last):
  File "/usr/lib/python2.7/SocketServer.py", line 593, in process_request_thread
    self.finish_request(request, client_address)
  File "/usr/lib/python2.7/SocketServer.py", line 334, in finish_request
    self.RequestHandlerClass(request, client_address, self)
  File "/usr/local/lib/python2.7/dist-packages/django/core/servers/basehttp.py", line 102, in __init__
    super(WSGIRequestHandler, self).__init__(*args, **kwargs)
  File "/usr/lib/python2.7/SocketServer.py", line 649, in __init__
    self.handle()
  File "/usr/local/lib/python2.7/dist-packages/django/core/servers/basehttp.py", line 167, in handle
    self.raw_requestline = self.rfile.readline(65537)
  File "/usr/lib/python2.7/socket.py", line 476, in readline
    data = self._sock.recv(self._rbufsize)
error: [Errno 104] Connection reset by peer
[03/Aug/2015 05:53:26]"POST /admin/wolf/player/add/ HTTP/1.1" 500 206278
[03/Aug/2015 05:53:27]"GET http://zc.qq.com/cgi-bin/chs/numreg/init? HTTP/1.0" 404 1713
[03/Aug/2015 05:54:06]"GET /admin/wolf/player/add/ HTTP/1.1" 200 4954
[03/Aug/2015 05:54:06]"GET /admin/jsi18n/ HTTP/1.1" 200 2372
[03/Aug/2015 05:54:11]"GET /admin/wolf/player/ HTTP/1.1" 200 9512
[03/Aug/2015 05:54:11]"GET /static/admin/css/changelists.css HTTP/1.1" 200 5254
[03/Aug/2015 05:54:11]"GET /admin/jsi18n/ HTTP/1.1" 200 2372
[03/Aug/2015 05:54:12]"GET /static/admin/img/icon_searchbox.png HTTP/1.1" 200 368
[03/Aug/2015 05:54:12]"GET /static/admin/img/changelist-bg.gif HTTP/1.1" 200 50
[03/Aug/2015 05:54:12]"GET /static/admin/img/tooltag-add.png HTTP/1.1" 200 119
[03/Aug/2015 05:54:12]"GET /static/admin/img/nav-bg-selected.gif HTTP/1.1" 200 265
[03/Aug/2015 05:54:12]"GET /static/admin/img/sorting-icons.gif HTTP/1.1" 200 369
[03/Aug/2015 05:54:22]"GET /admin/wolf/player/2/ HTTP/1.1" 200 5187
[03/Aug/2015 05:54:23]"GET /admin/jsi18n/ HTTP/1.1" 200 2372
[03/Aug/2015 05:54:23]"GET /static/admin/img/icon_deletelink.gif HTTP/1.1" 200 181
[03/Aug/2015 05:54:26]"GET /admin/wolf/player/ HTTP/1.1" 200 9512
[03/Aug/2015 05:54:27]"GET /admin/jsi18n/ HTTP/1.1" 200 2372
[03/Aug/2015 05:54:29]"GET /admin/wolf/ HTTP/1.1" 200 2416
[03/Aug/2015 05:54:30]"GET /static/admin/css/dashboard.css HTTP/1.1" 304 0
[03/Aug/2015 05:54:30]"GET /static/admin/img/icon_changelink.gif HTTP/1.1" 304 0
[03/Aug/2015 05:54:30]"GET /static/admin/img/icon_addlink.gif HTTP/1.1" 304 0
[03/Aug/2015 05:54:33]"GET /admin/ HTTP/1.1" 200 3647
[03/Aug/2015 05:54:35]"GET /admin/wolf/player/ HTTP/1.1" 200 9512
[03/Aug/2015 05:54:35]"GET /admin/jsi18n/ HTTP/1.1" 200 2372
[03/Aug/2015 05:54:41]"GET /admin/wolf/player/add/ HTTP/1.1" 200 4954
[03/Aug/2015 05:54:41]"GET /admin/jsi18n/ HTTP/1.1" 200 2372
[03/Aug/2015 06:02:16]"GET / HTTP/1.1" 200 2759
[03/Aug/2015 06:04:29]"GET /robots.txt HTTP/1.1" 404 2065
[03/Aug/2015 06:04:29]"GET / HTTP/1.1" 200 2759
[03/Aug/2015 06:04:30]"GET /robots.txt HTTP/1.1" 404 2065
[03/Aug/2015 06:04:30]"GET / HTTP/1.1" 200 2759
[03/Aug/2015 06:05:32]"GET http://zc.qq.com/cgi-bin/chs/numreg/init? HTTP/1.0" 404 1713
[03/Aug/2015 06:07:32]"GET /admin/ HTTP/1.1" 302 0
[03/Aug/2015 06:07:32]"GET /admin/login/?next=/admin/ HTTP/1.1" 200 1915
[03/Aug/2015 06:07:34]"POST /admin/login/?next=/admin/ HTTP/1.1" 200 2078
[03/Aug/2015 06:10:26]"POST /admin/login/?next=/admin/ HTTP/1.1" 302 0
[03/Aug/2015 06:10:27]"GET /admin/ HTTP/1.1" 200 3647
[03/Aug/2015 06:10:27]"GET /static/admin/css/dashboard.css HTTP/1.1" 200 434
[03/Aug/2015 06:10:28]"GET /static/admin/img/default-bg.gif HTTP/1.1" 200 836
[03/Aug/2015 06:10:28]"GET /static/admin/img/icon_addlink.gif HTTP/1.1" 200 119
[03/Aug/2015 06:10:28]"GET /static/admin/img/icon_changelink.gif HTTP/1.1" 200 119
[03/Aug/2015 06:11:24]"GET /admin/auth/group/add/ HTTP/1.1" 200 6728
[03/Aug/2015 06:11:25]"GET /static/admin/css/forms.css HTTP/1.1" 200 6283
[03/Aug/2015 06:11:25]"GET /static/admin/js/core.js HTTP/1.1" 200 7522
[03/Aug/2015 06:11:25]"GET /static/admin/js/admin/RelatedObjectLookups.js HTTP/1.1" 200 4464
[03/Aug/2015 06:11:25]"GET /admin/jsi18n/ HTTP/1.1" 200 2372
[03/Aug/2015 06:11:25]"GET /static/admin/js/jquery.init.js HTTP/1.1" 200 326
[03/Aug/2015 06:11:25]"GET /static/admin/js/actions.js HTTP/1.1" 200 4910
[03/Aug/2015 06:11:25]"GET /static/admin/js/SelectBox.js HTTP/1.1" 200 4222
[03/Aug/2015 06:11:25]"GET /static/admin/js/SelectFilter2.js HTTP/1.1" 200 10127
[03/Aug/2015 06:11:25]"GET /static/admin/js/related-widget-wrapper.js HTTP/1.1" 200 857
[03/Aug/2015 06:11:25]"GET /static/admin/css/widgets.css HTTP/1.1" 200 10590
[03/Aug/2015 06:11:28]"GET /static/admin/js/jquery.js HTTP/1.1" 200 284184
[03/Aug/2015 06:11:29]"GET /static/admin/img/icon-unknown.gif HTTP/1.1" 200 130
[03/Aug/2015 06:11:29]"GET /static/admin/img/selector-search.gif HTTP/1.1" 200 552
[03/Aug/2015 06:11:29]"GET /static/admin/img/selector-icons.gif HTTP/1.1" 200 2771
[03/Aug/2015 06:12:58]"POST /admin/auth/group/add/ HTTP/1.1" 302 0
[03/Aug/2015 06:12:58]"GET /static/admin/img/default-bg-reverse.gif HTTP/1.1" 200 835
[03/Aug/2015 06:12:58]"GET /admin/auth/group/ HTTP/1.1" 200 4919
[03/Aug/2015 06:12:59]"GET /static/admin/css/changelists.css HTTP/1.1" 200 5254
[03/Aug/2015 06:12:59]"GET /admin/jsi18n/ HTTP/1.1" 200 2372
[03/Aug/2015 06:12:59]"GET /static/admin/img/icon_searchbox.png HTTP/1.1" 200 368
[03/Aug/2015 06:12:59]"GET /static/admin/img/tooltag-add.png HTTP/1.1" 200 119
[03/Aug/2015 06:12:59]"GET /static/admin/img/icon_success.gif HTTP/1.1" 200 341
[03/Aug/2015 06:13:04]"GET /admin/auth/group/1/ HTTP/1.1" 200 6966
[03/Aug/2015 06:13:05]"GET /admin/jsi18n/ HTTP/1.1" 200 2372
[03/Aug/2015 06:13:05]"GET /static/admin/img/icon_deletelink.gif HTTP/1.1" 200 181
[03/Aug/2015 06:13:35]"GET /admin/auth/group/1/ HTTP/1.1" 200 6966
[03/Aug/2015 06:13:35]"GET /admin/jsi18n/ HTTP/1.1" 200 2372
[03/Aug/2015 06:13:44]"POST /admin/auth/group/1/ HTTP/1.1" 302 0
[03/Aug/2015 06:13:44]"GET /admin/auth/group/ HTTP/1.1" 200 4921
[03/Aug/2015 06:13:45]"GET /admin/jsi18n/ HTTP/1.1" 200 2372
[03/Aug/2015 06:13:54]"GET /admin/auth/group/1/ HTTP/1.1" 200 6986
[03/Aug/2015 06:13:55]"GET /admin/jsi18n/ HTTP/1.1" 200 2372
[03/Aug/2015 06:14:09]"GET /admin/auth/group/1/history/ HTTP/1.1" 200 2499
[03/Aug/2015 06:29:52]"GET http://zc.qq.com/cgi-bin/chs/numreg/init? HTTP/1.0" 404 1713
[03/Aug/2015 06:36:12]"GET http://zc.qq.com/cgi-bin/chs/numreg/init? HTTP/1.0" 404 1713
[03/Aug/2015 06:42:10]"GET http://zc.qq.com/cgi-bin/chs/numreg/init? HTTP/1.0" 404 1713
[03/Aug/2015 06:54:52]"GET http://zc.qq.com/cgi-bin/chs/numreg/init? HTTP/1.0" 404 1713
[03/Aug/2015 07:06:18]"GET http://zc.qq.com/cgi-bin/chs/numreg/init? HTTP/1.0" 404 1713
[03/Aug/2015 07:07:57]"GET /cgi-bin/rtpd.cgi HTTP/1.0" 404 2076
Traceback (most recent call last):
  File "/usr/lib/python2.7/SocketServer.py", line 593, in process_request_thread
    self.finish_request(request, client_address)
  File "/usr/lib/python2.7/SocketServer.py", line 334, in finish_request
    self.RequestHandlerClass(request, client_address, self)
  File "/usr/local/lib/python2.7/dist-packages/django/core/servers/basehttp.py", line 102, in __init__
    super(WSGIRequestHandler, self).__init__(*args, **kwargs)
  File "/usr/lib/python2.7/SocketServer.py", line 649, in __init__
    self.handle()
  File "/usr/local/lib/python2.7/dist-packages/django/core/servers/basehttp.py", line 167, in handle
    self.raw_requestline = self.rfile.readline(65537)
  File "/usr/lib/python2.7/socket.py", line 476, in readline
    data = self._sock.recv(self._rbufsize)
error: [Errno 104] Connection reset by peer
[03/Aug/2015 07:09:18]"GET / HTTP/1.1" 200 2759
[03/Aug/2015 07:09:18]"GET /static/css/bootstrap.min.css HTTP/1.1" 304 0
[03/Aug/2015 07:09:18]"GET /static/css/bootstrap-theme.css HTTP/1.1" 304 0
[03/Aug/2015 07:09:18]"GET /static/js/jquery.min.js HTTP/1.1" 304 0
[03/Aug/2015 07:09:18]"GET /static/js/bootstrap-min.js HTTP/1.1" 404 1671
Performing system checks...

System check identified no issues (0 silenced).
August 03, 2015 - 03:50:12
Django version 1.8.3, using settings 'WolfScoreDashboard.settings'
Starting development server at http://0.0.0.0:80/
Quit the server with CONTROL-C.
----------------------------------------
Exception happened during processing of request from ('101.226.61.186', 42953)
----------------------------------------
Exception happened during processing of request from ('101.226.61.186', 45494)
----------------------------------------
----------------------------------------
Exception happened during processing of request from ('101.226.61.186', 43679)
----------------------------------------
----------------------------------------
----------------------------------------
Exception happened during processing of request from ('103.59.120.5', 49372)
----------------------------------------
----------------------------------------
Exception happened during processing of request from ('117.25.139.35', 56760)
----------------------------------------
[03/Aug/2015 07:10:45]"GET / HTTP/1.1" 200 2759
[03/Aug/2015 07:10:46]"GET /static/js/bootstrap-min.js HTTP/1.1" 404 1671
[03/Aug/2015 07:10:51]"GET / HTTP/1.1" 200 2759
[03/Aug/2015 07:10:51]"GET /static/js/bootstrap-min.js HTTP/1.1" 404 1671
[03/Aug/2015 07:10:58]"GET /admin/ HTTP/1.1" 200 4251
[03/Aug/2015 07:10:58]"GET /static/admin/css/base.css HTTP/1.1" 304 0
[03/Aug/2015 07:10:58]"GET /static/admin/css/dashboard.css HTTP/1.1" 304 0
[03/Aug/2015 07:10:58]"GET /static/admin/img/default-bg.gif HTTP/1.1" 304 0
[03/Aug/2015 07:10:58]"GET /static/admin/img/icon_addlink.gif HTTP/1.1" 304 0
[03/Aug/2015 07:10:58]"GET /static/admin/img/icon_changelink.gif HTTP/1.1" 304 0
[03/Aug/2015 07:10:59]"GET /static/admin/img/nav-bg.gif HTTP/1.1" 304 0
[03/Aug/2015 07:11:02]"GET /admin/wolf/player/ HTTP/1.1" 200 9512
[03/Aug/2015 07:11:03]"GET /static/admin/css/changelists.css HTTP/1.1" 304 0
[03/Aug/2015 07:11:03]"GET /static/admin/js/core.js HTTP/1.1" 304 0
[03/Aug/2015 07:11:03]"GET /static/admin/js/admin/RelatedObjectLookups.js HTTP/1.1" 304 0
[03/Aug/2015 07:11:03]"GET /admin/jsi18n/ HTTP/1.1" 200 2372
[03/Aug/2015 07:11:03]"GET /static/admin/js/jquery.js HTTP/1.1" 304 0
[03/Aug/2015 07:11:03]"GET /static/admin/js/jquery.init.js HTTP/1.1" 304 0
[03/Aug/2015 07:11:03]"GET /static/admin/js/actions.js HTTP/1.1" 304 0
[03/Aug/2015 07:11:03]"GET /static/admin/img/icon_searchbox.png HTTP/1.1" 304 0
[03/Aug/2015 07:11:03]"GET /static/admin/img/nav-bg-reverse.gif HTTP/1.1" 304 0
[03/Aug/2015 07:11:03]"GET /static/admin/img/tooltag-add.png HTTP/1.1" 304 0
[03/Aug/2015 07:11:03]"GET /static/admin/img/changelist-bg.gif HTTP/1.1" 304 0
[03/Aug/2015 07:11:03]"GET /static/admin/img/nav-bg-selected.gif HTTP/1.1" 304 0
[03/Aug/2015 07:11:03]"GET /static/admin/img/sorting-icons.gif HTTP/1.1" 304 0
[03/Aug/2015 07:11:08]"GET /admin/wolf/player/add/ HTTP/1.1" 200 5595
[03/Aug/2015 07:11:08]"GET /static/admin/css/forms.css HTTP/1.1" 304 0
[03/Aug/2015 07:11:08]"GET /admin/jsi18n/ HTTP/1.1" 200 2372
[03/Aug/2015 07:11:08]"GET /static/admin/js/calendar.js HTTP/1.1" 200 5969
[03/Aug/2015 07:11:08]"GET /static/admin/js/admin/DateTimeShortcuts.js HTTP/1.1" 200 17161
[03/Aug/2015 07:11:08]"GET /static/admin/css/widgets.css HTTP/1.1" 304 0
[03/Aug/2015 07:11:09]"GET /static/admin/img/icon_calendar.gif HTTP/1.1" 200 192
[03/Aug/2015 07:11:37]"POST /admin/wolf/player/add/ HTTP/1.1" 302 0
[03/Aug/2015 07:11:37]"GET /static/admin/img/default-bg-reverse.gif HTTP/1.1" 200 835
[03/Aug/2015 07:11:37]"GET /admin/wolf/player/ HTTP/1.1" 200 10137
[03/Aug/2015 07:11:37]"GET /admin/jsi18n/ HTTP/1.1" 200 2372
[03/Aug/2015 07:11:38]"GET /static/admin/img/icon_success.gif HTTP/1.1" 200 341
[03/Aug/2015 07:19:26]"GET http://zc.qq.com/cgi-bin/chs/numreg/init? HTTP/1.0" 404 1713
[03/Aug/2015 07:25:05]"GET http://zc.qq.com/cgi-bin/chs/numreg/init? HTTP/1.0" 404 1713
[03/Aug/2015 07:26:56]"GET / HTTP/1.1" 200 2915
[03/Aug/2015 07:26:56]"GET /static/js/bootstrap-min.js HTTP/1.1" 404 1671
[03/Aug/2015 07:30:52]"GET / HTTP/1.1" 200 2915
[03/Aug/2015 07:30:56]"GET http://zc.qq.com/cgi-bin/chs/numreg/init? HTTP/1.0" 404 1713
[03/Aug/2015 07:36:52]"GET http://zc.qq.com/cgi-bin/chs/numreg/init? HTTP/1.0" 404 1713
[03/Aug/2015 07:37:09]"GET http://zc.qq.com/cgi-bin/chs/numreg/init? HTTP/1.0" 404 1713
[03/Aug/2015 07:39:49]"GET / HTTP/1.1" 200 2915
[03/Aug/2015 07:39:50]"GET / HTTP/1.1" 200 2915
[03/Aug/2015 07:39:51]"GET /static/js/jquery.min.js HTTP/1.1" 304 0
[03/Aug/2015 07:39:51]"GET /static/css/bootstrap-theme.css HTTP/1.1" 304 0
[03/Aug/2015 07:39:51]"GET /static/css/bootstrap.min.css HTTP/1.1" 304 0
[03/Aug/2015 07:39:51]"GET /static/js/bootstrap-min.js HTTP/1.1" 404 1671
[03/Aug/2015 07:55:44]"GET http://zc.qq.com/cgi-bin/chs/numreg/init? HTTP/1.0" 404 1713
[03/Aug/2015 08:01:38]"GET http://zc.qq.com/cgi-bin/chs/numreg/init? HTTP/1.0" 404 1713
[03/Aug/2015 08:04:51]"GET / HTTP/1.1" 200 2915
[03/Aug/2015 08:07:47]"GET http://zc.qq.com/cgi-bin/chs/numreg/init? HTTP/1.0" 404 1713
[03/Aug/2015 08:14:27]"GET http://zc.qq.com/cgi-bin/chs/numreg/init? HTTP/1.0" 404 1713
[03/Aug/2015 08:26:13]"GET http://zc.qq.com/cgi-bin/chs/numreg/init? HTTP/1.0" 404 1713
[03/Aug/2015 08:32:56]"GET http://zc.qq.com/cgi-bin/chs/numreg/init? HTTP/1.0" 404 1713
[03/Aug/2015 08:44:08]"GET http://zc.qq.com/cgi-bin/chs/numreg/init? HTTP/1.0" 404 1713
[03/Aug/2015 09:08:33]"GET http://zc.qq.com/cgi-bin/chs/numreg/init? HTTP/1.0" 404 1713
[03/Aug/2015 09:14:46]"GET http://zc.qq.com/cgi-bin/chs/numreg/init? HTTP/1.0" 404 1713
[03/Aug/2015 09:20:56]"GET http://zc.qq.com/cgi-bin/chs/numreg/init? HTTP/1.0" 404 1713
[03/Aug/2015 09:26:43]"GET http://zc.qq.com/cgi-bin/chs/numreg/init? HTTP/1.0" 404 1713
[03/Aug/2015 09:45:33]"GET http://zc.qq.com/cgi-bin/chs/numreg/init? HTTP/1.0" 404 1713
[03/Aug/2015 09:51:16]"GET http://zc.qq.com/cgi-bin/chs/numreg/init? HTTP/1.0" 404 1713
[03/Aug/2015 09:57:36]"GET http://zc.qq.com/cgi-bin/chs/numreg/init? HTTP/1.0" 404 1713
[03/Aug/2015 10:09:31]"GET http://zc.qq.com/cgi-bin/chs/numreg/init? HTTP/1.0" 404 1713
[03/Aug/2015 10:21:32]"GET http://zc.qq.com/cgi-bin/chs/numreg/init? HTTP/1.0" 404 1713
[03/Aug/2015 10:28:08]"GET http://zc.qq.com/cgi-bin/chs/numreg/init? HTTP/1.0" 404 1713
[03/Aug/2015 10:46:05]"GET http://zc.qq.com/cgi-bin/chs/numreg/init? HTTP/1.0" 404 1713
[03/Aug/2015 10:58:07]"GET http://zc.qq.com/cgi-bin/chs/numreg/init? HTTP/1.0" 404 1713
[03/Aug/2015 10:58:25]"GET / HTTP/1.1" 200 2915
[03/Aug/2015 10:58:32]"GET /static/js/bootstrap-min.js HTTP/1.1" 404 1671
[03/Aug/2015 10:58:33]"GET / HTTP/1.1" 200 2915
[03/Aug/2015 10:58:35]"GET /favicon.ico HTTP/1.1" 404 2064
[03/Aug/2015 10:58:35]"GET /static/js/jquery.min.js HTTP/1.1" 200 40960
- Broken pipe from ('223.104.5.199', 24751)
[03/Aug/2015 10:58:41]"GET / HTTP/1.1" 200 2915
[03/Aug/2015 10:58:43]"GET / HTTP/1.1" 200 2915
[03/Aug/2015 10:58:57]"GET / HTTP/1.1" 200 2915
[03/Aug/2015 10:58:57]"GET / HTTP/1.1" 200 2915
[03/Aug/2015 10:59:02]"GET / HTTP/1.1" 200 2915
[03/Aug/2015 10:59:06]"GET /static/css/bootstrap-theme.css HTTP/1.1" 200 4909
[03/Aug/2015 10:59:06]"GET /static/js/bootstrap-min.js HTTP/1.1" 404 1671
[03/Aug/2015 10:59:22]"GET /static/js/jquery.min.js HTTP/1.1" 200 83095
[03/Aug/2015 10:59:32]"GET / HTTP/1.1" 200 2915
[03/Aug/2015 10:59:33]"GET /static/css/bootstrap.min.css HTTP/1.1" 200 98453
[03/Aug/2015 10:59:39]"GET /admin HTTP/1.1" 301 0
[03/Aug/2015 10:59:40]"GET /admin/ HTTP/1.1" 302 0
[03/Aug/2015 10:59:41]"GET /favicon.ico HTTP/1.1" 404 2064
[03/Aug/2015 10:59:41]"GET /admin/login/?next=/admin/ HTTP/1.1" 200 1915
[03/Aug/2015 10:59:42]"GET /static/admin/css/base.css HTTP/1.1" 200 14049
[03/Aug/2015 10:59:42]"GET /static/admin/css/login.css HTTP/1.1" 200 940
[03/Aug/2015 10:59:43]"GET /static/admin/img/nav-bg.gif HTTP/1.1" 200 265
[03/Aug/2015 10:59:44]"GET /favicon.ico HTTP/1.1" 404 2064
[03/Aug/2015 11:02:13]"GET / HTTP/1.1" 200 2915
[03/Aug/2015 11:02:23]"GET / HTTP/1.1" 200 2915
[03/Aug/2015 11:02:26]"GET /static/js/bootstrap-min.js HTTP/1.1" 404 1671
[03/Aug/2015 11:02:27]"GET /static/css/bootstrap-theme.css HTTP/1.1" 200 4909
[03/Aug/2015 11:02:31]"GET /static/css/bootstrap.min.css HTTP/1.1" 200 98453
[03/Aug/2015 11:02:34]"GET /static/js/jquery.min.js HTTP/1.1" 200 83095
[03/Aug/2015 11:03:54]"GET http://zc.qq.com/cgi-bin/chs/numreg/init? HTTP/1.0" 404 1713
[03/Aug/2015 11:10:09]"GET http://zc.qq.com/cgi-bin/chs/numreg/init? HTTP/1.0" 404 1713
[03/Aug/2015 11:13:12]"GET /admin/login/?next=/admin HTTP/1.1" 200 1913
[03/Aug/2015 11:15:28]"GET /admin HTTP/1.1" 301 0
[03/Aug/2015 11:15:28]"GET /admin/ HTTP/1.1" 200 4535
[03/Aug/2015 11:15:29]"GET /static/admin/css/base.css HTTP/1.1" 304 0
[03/Aug/2015 11:15:29]"GET /static/admin/css/dashboard.css HTTP/1.1" 304 0
[03/Aug/2015 11:15:29]"GET /static/admin/img/default-bg.gif HTTP/1.1" 304 0
[03/Aug/2015 11:15:29]"GET /static/admin/img/icon_addlink.gif HTTP/1.1" 304 0
[03/Aug/2015 11:15:29]"GET /static/admin/img/icon_changelink.gif HTTP/1.1" 304 0
[03/Aug/2015 11:15:29]"GET /static/admin/img/nav-bg.gif HTTP/1.1" 304 0
[03/Aug/2015 11:15:30]"GET /favicon.ico HTTP/1.1" 404 2064
[03/Aug/2015 11:15:31]"GET /favicon.ico HTTP/1.1" 404 2064
[03/Aug/2015 11:15:31]"GET /favicon.ico HTTP/1.1" 404 2064
[03/Aug/2015 11:15:38]"GET /admin/auth/user/ HTTP/1.1" 200 6604
[03/Aug/2015 11:15:39]"GET /static/admin/css/changelists.css HTTP/1.1" 200 5254
[03/Aug/2015 11:15:39]"GET /static/admin/js/core.js HTTP/1.1" 200 7522
[03/Aug/2015 11:15:39]"GET /static/admin/js/admin/RelatedObjectLookups.js HTTP/1.1" 200 4464
[03/Aug/2015 11:15:39]"GET /admin/jsi18n/ HTTP/1.1" 200 2372
[03/Aug/2015 11:15:39]"GET /static/admin/js/jquery.init.js HTTP/1.1" 200 326
[03/Aug/2015 11:15:39]"GET /static/admin/js/actions.js HTTP/1.1" 200 4910
[03/Aug/2015 11:15:39]"GET /static/admin/img/icon_searchbox.png HTTP/1.1" 200 368
[03/Aug/2015 11:15:39]"GET /static/admin/img/icon-yes.gif HTTP/1.1" 200 299
[03/Aug/2015 11:15:40]"GET /static/admin/js/jquery.js HTTP/1.1" 200 284184
[03/Aug/2015 11:15:42]"GET /static/admin/img/nav-bg-reverse.gif HTTP/1.1" 200 178
[03/Aug/2015 11:15:42]"GET /static/admin/img/tooltag-add.png HTTP/1.1" 200 119
[03/Aug/2015 11:15:42]"GET /static/admin/img/changelist-bg.gif HTTP/1.1" 200 50
[03/Aug/2015 11:15:42]"GET /static/admin/img/nav-bg-selected.gif HTTP/1.1" 200 265
[03/Aug/2015 11:15:42]"GET /static/admin/img/sorting-icons.gif HTTP/1.1" 200 369
[03/Aug/2015 11:15:42]"GET /favicon.ico HTTP/1.1" 404 2064
[03/Aug/2015 11:15:44]"GET /favicon.ico HTTP/1.1" 404 2064
[03/Aug/2015 11:15:44]"GET /favicon.ico HTTP/1.1" 404 2064
[03/Aug/2015 11:15:53]"GET /admin/ HTTP/1.1" 200 4535
[03/Aug/2015 11:15:54]"GET /favicon.ico HTTP/1.1" 404 2064
[03/Aug/2015 11:15:55]"GET /favicon.ico HTTP/1.1" 404 2064
[03/Aug/2015 11:15:56]"GET /admin/auth/user/ HTTP/1.1" 200 6604
[03/Aug/2015 11:15:56]"GET /favicon.ico HTTP/1.1" 404 2064
[03/Aug/2015 11:15:56]"GET /admin/jsi18n/ HTTP/1.1" 200 2372
[03/Aug/2015 11:15:57]"GET /favicon.ico HTTP/1.1" 404 2064
[03/Aug/2015 11:15:58]"GET /favicon.ico HTTP/1.1" 404 2064
[03/Aug/2015 11:15:58]"GET /favicon.ico HTTP/1.1" 404 2064
[03/Aug/2015 11:16:13]"GET /admin/auth/ HTTP/1.1" 200 2933
[03/Aug/2015 11:16:13]"GET /favicon.ico HTTP/1.1" 404 2064
[03/Aug/2015 11:16:15]"GET /favicon.ico HTTP/1.1" 404 2064
[03/Aug/2015 11:16:15]"GET /favicon.ico HTTP/1.1" 404 2064
[03/Aug/2015 11:16:18]"GET /admin/auth/ HTTP/1.1" 200 2933
[03/Aug/2015 11:16:19]"GET /favicon.ico HTTP/1.1" 404 2064
[03/Aug/2015 11:16:20]"GET /favicon.ico HTTP/1.1" 404 2064
[03/Aug/2015 11:16:20]"GET /admin/auth/group/ HTTP/1.1" 200 4765
[03/Aug/2015 11:16:20]"GET /favicon.ico HTTP/1.1" 404 2064
[03/Aug/2015 11:16:21]"GET /admin/jsi18n/ HTTP/1.1" 200 2372
[03/Aug/2015 11:16:21]"GET /favicon.ico HTTP/1.1" 404 2064
[03/Aug/2015 11:16:22]"GET /favicon.ico HTTP/1.1" 404 2064
[03/Aug/2015 11:16:23]"GET /favicon.ico HTTP/1.1" 404 2064
[03/Aug/2015 11:16:26]"GET http://zc.qq.com/cgi-bin/chs/numreg/init? HTTP/1.0" 404 1713
[03/Aug/2015 11:16:31]"GET /admin/auth/group/1/ HTTP/1.1" 200 6986
[03/Aug/2015 11:16:31]"GET /static/admin/css/forms.css HTTP/1.1" 200 6283
[03/Aug/2015 11:16:31]"GET /static/admin/js/SelectBox.js HTTP/1.1" 200 4222
[03/Aug/2015 11:16:31]"GET /static/admin/js/SelectFilter2.js HTTP/1.1" 200 10127
[03/Aug/2015 11:16:31]"GET /admin/jsi18n/ HTTP/1.1" 200 2372
[03/Aug/2015 11:16:31]"GET /static/admin/js/related-widget-wrapper.js HTTP/1.1" 200 857
[03/Aug/2015 11:16:32]"GET /static/admin/css/widgets.css HTTP/1.1" 200 10590
[03/Aug/2015 11:16:32]"GET /static/admin/img/icon_deletelink.gif HTTP/1.1" 200 181
[03/Aug/2015 11:16:33]"GET /static/admin/img/icon-unknown.gif HTTP/1.1" 200 130
[03/Aug/2015 11:16:33]"GET /static/admin/img/selector-search.gif HTTP/1.1" 200 552
[03/Aug/2015 11:16:33]"GET /static/admin/img/selector-icons.gif HTTP/1.1" 200 2771
[03/Aug/2015 11:16:34]"GET /favicon.ico HTTP/1.1" 404 2064
[03/Aug/2015 11:16:35]"GET /favicon.ico HTTP/1.1" 404 2064
[03/Aug/2015 11:16:35]"GET /favicon.ico HTTP/1.1" 404 2064
[03/Aug/2015 11:16:52]"GET /admin/auth/ HTTP/1.1" 200 2933
[03/Aug/2015 11:16:52]"GET /favicon.ico HTTP/1.1" 404 2064
[03/Aug/2015 11:16:54]"GET /favicon.ico HTTP/1.1" 404 2064
[03/Aug/2015 11:16:54]"GET /favicon.ico HTTP/1.1" 404 2064
[03/Aug/2015 11:21:31]"GET / HTTP/1.1" 200 2915
[03/Aug/2015 11:21:32]"GET /static/css/bootstrap.min.css HTTP/1.1" 304 0
[03/Aug/2015 11:21:32]"GET /static/css/bootstrap-theme.css HTTP/1.1" 304 0
[03/Aug/2015 11:21:32]"GET /static/js/bootstrap-min.js HTTP/1.1" 404 1671
[03/Aug/2015 11:21:32]"GET /static/js/jquery.min.js HTTP/1.1" 304 0
[03/Aug/2015 11:21:32]"GET /favicon.ico HTTP/1.1" 404 2064
[03/Aug/2015 11:21:34]"GET /favicon.ico HTTP/1.1" 404 2064
[03/Aug/2015 11:22:29]"GET http://zc.qq.com/cgi-bin/chs/numreg/init? HTTP/1.0" 404 1713
[03/Aug/2015 11:28:07]"GET http://zc.qq.com/cgi-bin/chs/numreg/init? HTTP/1.0" 404 1713
[03/Aug/2015 11:34:33]"GET http://zc.qq.com/cgi-bin/chs/numreg/init? HTTP/1.0" 404 1713
[03/Aug/2015 11:37:06]"GET /admin HTTP/1.1" 301 0
[03/Aug/2015 11:37:07]"GET /admin/ HTTP/1.1" 302 0
[03/Aug/2015 11:37:07]"GET /admin/login/?next=/admin/ HTTP/1.1" 200 1915
[03/Aug/2015 11:37:23]"GET /robots.txt HTTP/1.1" 404 2065
[03/Aug/2015 11:37:23]"GET / HTTP/1.1" 200 2915
[03/Aug/2015 11:37:23]"GET / HTTP/1.1" 200 2915
[03/Aug/2015 11:46:48]"GET http://zc.qq.com/cgi-bin/chs/numreg/init? HTTP/1.0" 404 1713
[03/Aug/2015 11:48:30]"GET / HTTP/1.1" 200 2915
[03/Aug/2015 11:48:31]"GET /static/css/bootstrap-theme.css HTTP/1.1" 200 4909
[03/Aug/2015 11:48:31]"GET /static/js/bootstrap-min.js HTTP/1.1" 404 1671
[03/Aug/2015 11:48:32]"GET /static/js/jquery.min.js HTTP/1.1" 200 83095
[03/Aug/2015 11:48:33]"GET /static/css/bootstrap.min.css HTTP/1.1" 200 98453
[03/Aug/2015 11:48:40]"GET /favicon.ico HTTP/1.1" 404 2064
[03/Aug/2015 11:48:52]"GET / HTTP/1.1" 200 2915
[03/Aug/2015 11:48:53]"GET /static/js/bootstrap-min.js HTTP/1.1" 404 1671
[03/Aug/2015 11:49:08]"GET /admin HTTP/1.1" 301 0
[03/Aug/2015 11:49:08]"GET /admin/ HTTP/1.1" 302 0
[03/Aug/2015 11:49:08]"GET /admin/login/?next=/admin/ HTTP/1.1" 200 1915
[03/Aug/2015 11:49:09]"GET /static/admin/css/base.css HTTP/1.1" 200 14049
[03/Aug/2015 11:49:09]"GET /static/admin/css/login.css HTTP/1.1" 200 940
[03/Aug/2015 11:49:10]"GET /static/admin/img/nav-bg.gif HTTP/1.1" 200 265
[03/Aug/2015 11:49:15]"POST /admin/login/?next=/admin/ HTTP/1.1" 302 0
[03/Aug/2015 11:49:18]"GET /static/admin/img/nav-bg-reverse.gif HTTP/1.1" 200 178
[03/Aug/2015 11:49:18]"POST /admin/login/?next=/admin/ HTTP/1.1" 302 0
[03/Aug/2015 11:49:19]"GET /admin/ HTTP/1.1" 200 4535
[03/Aug/2015 11:49:20]"GET /static/admin/css/dashboard.css HTTP/1.1" 200 434
[03/Aug/2015 11:49:20]"GET /static/admin/img/default-bg.gif HTTP/1.1" 200 836
[03/Aug/2015 11:49:20]"GET /static/admin/img/icon_addlink.gif HTTP/1.1" 200 119
[03/Aug/2015 11:49:20]"GET /static/admin/img/icon_changelink.gif HTTP/1.1" 200 119
[03/Aug/2015 11:49:31]"GET /admin/auth/user/ HTTP/1.1" 200 6604
[03/Aug/2015 11:49:32]"GET /static/admin/css/changelists.css HTTP/1.1" 200 5254
[03/Aug/2015 11:49:32]"GET /static/admin/js/core.js HTTP/1.1" 200 7522
[03/Aug/2015 11:49:32]"GET /admin/jsi18n/ HTTP/1.1" 200 2372
[03/Aug/2015 11:49:32]"GET /static/admin/js/admin/RelatedObjectLookups.js HTTP/1.1" 200 4464
[03/Aug/2015 11:49:33]"GET /static/admin/js/jquery.init.js HTTP/1.1" 200 326
[03/Aug/2015 11:49:34]"GET /static/admin/js/actions.js HTTP/1.1" 200 4910
[03/Aug/2015 11:49:34]"GET /static/admin/img/icon_searchbox.png HTTP/1.1" 200 368
[03/Aug/2015 11:49:36]"GET /static/admin/img/icon-yes.gif HTTP/1.1" 200 299
[03/Aug/2015 11:49:56]"GET /static/admin/js/jquery.js HTTP/1.1" 200 284184
[03/Aug/2015 11:50:07]"GET /static/admin/img/tooltag-add.png HTTP/1.1" 200 119
[03/Aug/2015 11:50:07]"GET /static/admin/img/changelist-bg.gif HTTP/1.1" 200 50
[03/Aug/2015 11:50:07]"GET /static/admin/img/nav-bg-selected.gif HTTP/1.1" 200 265
[03/Aug/2015 11:50:07]"GET /admin/auth/user/ HTTP/1.1" 200 6604
[03/Aug/2015 11:50:08]"GET /admin/jsi18n/ HTTP/1.1" 200 2372
[03/Aug/2015 11:50:08]"GET /static/admin/img/tooltag-add.png HTTP/1.1" 200 119
[03/Aug/2015 11:50:08]"GET /static/admin/img/sorting-icons.gif HTTP/1.1" 200 369
[03/Aug/2015 11:50:12]"GET /admin/auth/ HTTP/1.1" 200 2933
[03/Aug/2015 11:50:17]"GET /admin/auth/group/ HTTP/1.1" 200 4765
[03/Aug/2015 11:50:18]"GET /admin/jsi18n/ HTTP/1.1" 200 2372
[03/Aug/2015 11:50:22]"GET /admin/auth/group/1/ HTTP/1.1" 200 6986
[03/Aug/2015 11:50:23]"GET /static/admin/css/forms.css HTTP/1.1" 200 6283
[03/Aug/2015 11:50:23]"GET /static/admin/js/SelectFilter2.js HTTP/1.1" 200 10127
[03/Aug/2015 11:50:23]"GET /static/admin/js/SelectBox.js HTTP/1.1" 200 4222
[03/Aug/2015 11:50:23]"GET /admin/jsi18n/ HTTP/1.1" 200 2372
[03/Aug/2015 11:50:26]"GET /static/admin/css/widgets.css HTTP/1.1" 200 10590
[03/Aug/2015 11:50:26]"GET /static/admin/js/related-widget-wrapper.js HTTP/1.1" 200 857
[03/Aug/2015 11:50:28]"GET /static/admin/img/icon_deletelink.gif HTTP/1.1" 200 181
[03/Aug/2015 11:50:28]"GET /static/admin/img/selector-icons.gif HTTP/1.1" 200 2771
[03/Aug/2015 11:50:28]"GET /static/admin/img/icon-unknown.gif HTTP/1.1" 200 130
[03/Aug/2015 11:50:29]"GET /static/admin/img/selector-search.gif HTTP/1.1" 200 552
[03/Aug/2015 11:58:56]"GET http://zc.qq.com/cgi-bin/chs/numreg/init? HTTP/1.0" 404 1713
[03/Aug/2015 12:04:58]"GET http://zc.qq.com/cgi-bin/chs/numreg/init? HTTP/1.0" 404 1713
[03/Aug/2015 12:23:14]"GET http://zc.qq.com/cgi-bin/chs/numreg/init? HTTP/1.0" 404 1713
[03/Aug/2015 12:29:21]"GET http://zc.qq.com/cgi-bin/chs/numreg/init? HTTP/1.0" 404 1713
[03/Aug/2015 12:35:43]"GET http://zc.qq.com/cgi-bin/chs/numreg/init? HTTP/1.0" 404 1713
[03/Aug/2015 12:41:20]"GET http://zc.qq.com/cgi-bin/chs/numreg/init? HTTP/1.0" 404 1713
[03/Aug/2015 12:47:25]"GET http://zc.qq.com/cgi-bin/chs/numreg/init? HTTP/1.0" 404 1713
[03/Aug/2015 13:54:40]"GET http://zc.qq.com/cgi-bin/chs/numreg/init? HTTP/1.0" 404 1713
[03/Aug/2015 14:00:18]"GET http://zc.qq.com/cgi-bin/chs/numreg/init? HTTP/1.0" 404 1713
[03/Aug/2015 14:06:36]"GET http://zc.qq.com/cgi-bin/chs/numreg/init? HTTP/1.0" 404 1713
[03/Aug/2015 14:08:40]"GET / HTTP/1.1" 200 2915
[03/Aug/2015 14:08:41]"GET /static/css/bootstrap.min.css HTTP/1.1" 200 98453
[03/Aug/2015 14:08:41]"GET /static/css/bootstrap-theme.css HTTP/1.1" 200 4909
[03/Aug/2015 14:08:42]"GET /static/js/bootstrap-min.js HTTP/1.1" 404 1671
[03/Aug/2015 14:08:49]"GET /static/js/jquery.min.js HTTP/1.1" 200 83095
[03/Aug/2015 14:09:05]"GET / HTTP/1.1" 200 2915
[03/Aug/2015 14:09:40]"GET / HTTP/1.1" 200 2915
[03/Aug/2015 14:09:42]"GET /static/js/jquery.min.js HTTP/1.1" 200 83095
[03/Aug/2015 14:09:48]"GET /admin HTTP/1.1" 301 0
[03/Aug/2015 14:09:50]"GET /admin/ HTTP/1.1" 302 0
[03/Aug/2015 14:11:42]"GET / HTTP/1.1" 200 2915
[03/Aug/2015 14:11:47]"GET /static/js/jquery.min.js HTTP/1.1" 200 73728
- Broken pipe from ('116.231.103.174', 51793)
[03/Aug/2015 14:12:30]"GET http://zc.qq.com/cgi-bin/chs/numreg/init? HTTP/1.0" 404 1713
[03/Aug/2015 14:18:14]"GET http://zc.qq.com/cgi-bin/chs/numreg/init? HTTP/1.0" 404 1713
[03/Aug/2015 14:29:54]"GET / HTTP/1.1" 200 2915
[03/Aug/2015 14:29:55]"GET /static/css/bootstrap-theme.css HTTP/1.1" 200 4909
[03/Aug/2015 14:29:55]"GET /static/js/bootstrap-min.js HTTP/1.1" 404 1671
[03/Aug/2015 14:29:56]"GET /static/js/jquery.min.js HTTP/1.1" 200 83095
[03/Aug/2015 14:29:56]"GET /static/css/bootstrap.min.css HTTP/1.1" 200 98453
[03/Aug/2015 14:30:28]"GET http://zc.qq.com/cgi-bin/chs/numreg/init? HTTP/1.0" 404 1713
[03/Aug/2015 14:49:00]"GET http://zc.qq.com/cgi-bin/chs/numreg/init? HTTP/1.0" 404 1713
[03/Aug/2015 14:55:04]"GET http://zc.qq.com/cgi-bin/chs/numreg/init? HTTP/1.0" 404 1713
[03/Aug/2015 15:00:57]"GET http://zc.qq.com/cgi-bin/chs/numreg/init? HTTP/1.0" 404 1713
[03/Aug/2015 15:13:14]"GET http://zc.qq.com/cgi-bin/chs/numreg/init? HTTP/1.0" 404 1713
[03/Aug/2015 15:31:21]"GET http://zc.qq.com/cgi-bin/chs/numreg/init? HTTP/1.0" 404 1713
[03/Aug/2015 15:37:23]"GET http://zc.qq.com/cgi-bin/chs/numreg/init? HTTP/1.0" 404 1713
[03/Aug/2015 15:43:02]"GET http://testp3.pospr.waw.pl/testproxy.php HTTP/1.1" 404 1723
[03/Aug/2015 15:43:37]"GET http://zc.qq.com/cgi-bin/chs/numreg/init? HTTP/1.0" 404 1713
[03/Aug/2015 16:14:02]"GET http://zc.qq.com/cgi-bin/chs/numreg/init? HTTP/1.0" 404 1713
[03/Aug/2015 16:26:00]"GET http://zc.qq.com/cgi-bin/chs/numreg/init? HTTP/1.0" 404 1713
[03/Aug/2015 16:32:39]"GET / HTTP/1.1" 200 2915
[03/Aug/2015 16:32:40]"GET /static/css/bootstrap-theme.css HTTP/1.1" 200 4909
[03/Aug/2015 16:32:40]"GET /static/js/bootstrap-min.js HTTP/1.1" 404 1675
[03/Aug/2015 16:32:40]"GET /static/css/bootstrap.min.css HTTP/1.1" 200 98453
[03/Aug/2015 16:32:41]"GET /static/js/jquery.min.js HTTP/1.1" 200 83095
[03/Aug/2015 16:32:42]"GET /favicon.ico HTTP/1.1" 404 2068
[03/Aug/2015 16:32:42]"GET /favicon.ico HTTP/1.1" 404 2068
Traceback (most recent call last):
  File "/usr/lib/python2.7/SocketServer.py", line 593, in process_request_thread
    self.finish_request(request, client_address)
  File "/usr/lib/python2.7/SocketServer.py", line 334, in finish_request
    self.RequestHandlerClass(request, client_address, self)
  File "/usr/local/lib/python2.7/dist-packages/django/core/servers/basehttp.py", line 102, in __init__
    super(WSGIRequestHandler, self).__init__(*args, **kwargs)
  File "/usr/lib/python2.7/SocketServer.py", line 649, in __init__
    self.handle()
  File "/usr/local/lib/python2.7/dist-packages/django/core/servers/basehttp.py", line 167, in handle
    self.raw_requestline = self.rfile.readline(65537)
  File "/usr/lib/python2.7/socket.py", line 476, in readline
    data = self._sock.recv(self._rbufsize)
error: [Errno 104] Connection reset by peer
[03/Aug/2015 16:44:59]"GET http://zc.qq.com/cgi-bin/chs/numreg/init? HTTP/1.0" 404 1713
[03/Aug/2015 16:51:02]"GET http://zc.qq.com/cgi-bin/chs/numreg/init? HTTP/1.0" 404 1713
[03/Aug/2015 17:02:52]"GET http://zc.qq.com/cgi-bin/chs/numreg/init? HTTP/1.0" 404 1713
[03/Aug/2015 17:08:49]"GET http://zc.qq.com/cgi-bin/chs/numreg/init? HTTP/1.0" 404 1713
[03/Aug/2015 17:14:58]"GET http://zc.qq.com/cgi-bin/chs/numreg/init? HTTP/1.0" 404 1713
[03/Aug/2015 17:33:26]"GET http://zc.qq.com/cgi-bin/chs/numreg/init? HTTP/1.0" 404 1713
[03/Aug/2015 17:39:30]"GET http://zc.qq.com/cgi-bin/chs/numreg/init? HTTP/1.0" 404 1713
[03/Aug/2015 17:45:31]"GET http://zc.qq.com/cgi-bin/chs/numreg/init? HTTP/1.0" 404 1713
[03/Aug/2015 17:57:19]"GET http://zc.qq.com/cgi-bin/chs/numreg/init? HTTP/1.0" 404 1713
[03/Aug/2015 18:09:51]"GET http://zc.qq.com/cgi-bin/chs/numreg/init? HTTP/1.0" 404 1713
[03/Aug/2015 18:30:30]"HEAD / HTTP/1.1" 200 0
[03/Aug/2015 18:46:16]"GET http://zc.qq.com/cgi-bin/chs/numreg/init? HTTP/1.0" 404 1713
[03/Aug/2015 18:52:21]"GET http://zc.qq.com/cgi-bin/chs/numreg/init? HTTP/1.0" 404 1713
[03/Aug/2015 18:58:30]"GET http://zc.qq.com/cgi-bin/chs/numreg/init? HTTP/1.0" 404 1713
[03/Aug/2015 19:10:43]"GET http://zc.qq.com/cgi-bin/chs/numreg/init? HTTP/1.0" 404 1713
[03/Aug/2015 19:23:05]"GET http://zc.qq.com/cgi-bin/chs/numreg/init? HTTP/1.0" 404 1713
[03/Aug/2015 19:41:10]"GET / HTTP/1.1" 200 2915
[03/Aug/2015 19:47:02]"GET http://zc.qq.com/cgi-bin/chs/numreg/init? HTTP/1.0" 404 1713
[03/Aug/2015 19:53:05]"GET http://zc.qq.com/cgi-bin/chs/numreg/init? HTTP/1.0" 404 1713
[03/Aug/2015 20:23:18]"GET http://zc.qq.com/cgi-bin/chs/numreg/init? HTTP/1.0" 404 1713
[03/Aug/2015 20:35:29]"GET http://zc.qq.com/cgi-bin/chs/numreg/init? HTTP/1.0" 404 1713
[03/Aug/2015 20:41:26]"GET http://zc.qq.com/cgi-bin/chs/numreg/init? HTTP/1.0" 404 1713
[03/Aug/2015 20:59:16]"GET /muieblackcat HTTP/1.1" 404 2066
[03/Aug/2015 20:59:16]"GET //phpMyAdmin/scripts/setup.php HTTP/1.1" 404 2117
[03/Aug/2015 20:59:17]"GET //phpmyadmin/scripts/setup.php HTTP/1.1" 404 2117
[03/Aug/2015 20:59:17]"GET //pma/scripts/setup.php HTTP/1.1" 404 2096
[03/Aug/2015 20:59:17]"GET //myadmin/scripts/setup.php HTTP/1.1" 404 2108
[03/Aug/2015 20:59:18]"GET //MyAdmin/scripts/setup.php HTTP/1.1" 404 2108
[03/Aug/2015 20:59:36]"GET http://zc.qq.com/cgi-bin/chs/numreg/init? HTTP/1.0" 404 1713
[03/Aug/2015 21:05:43]"GET http://zc.qq.com/cgi-bin/chs/numreg/init? HTTP/1.0" 404 1713
[03/Aug/2015 21:11:48]"GET http://zc.qq.com/cgi-bin/chs/numreg/init? HTTP/1.0" 404 1713
[03/Aug/2015 21:42:17]"GET http://zc.qq.com/cgi-bin/chs/numreg/init? HTTP/1.0" 404 1713
[03/Aug/2015 21:48:00]"GET http://zc.qq.com/cgi-bin/chs/numreg/init? HTTP/1.0" 404 1713
[03/Aug/2015 22:00:32]"GET http://zc.qq.com/cgi-bin/chs/numreg/init? HTTP/1.0" 404 1713
[03/Aug/2015 22:12:46]"GET http://zc.qq.com/cgi-bin/chs/numreg/init? HTTP/1.0" 404 1713
[03/Aug/2015 22:18:35]"GET http://zc.qq.com/cgi-bin/chs/numreg/init? HTTP/1.0" 404 1713
[03/Aug/2015 22:20:43]"GET /Ringing.at.your.dorbell! HTTP/1.0" 404 2100
[03/Aug/2015 22:20:43]"GET / HTTP/1.0" 200 2915
[03/Aug/2015 22:20:43]"GET / HTTP/1.1" 200 2915
[03/Aug/2015 22:20:43]"GET /Diagnostics.asp HTTP/1.0" 404 2073
[03/Aug/2015 22:20:44]"GET / HTTP/1.0" 200 2915
[03/Aug/2015 22:20:44]"GET / HTTP/1.0" 200 2915
[03/Aug/2015 22:20:45]"GET / HTTP/1.0" 200 2915
[03/Aug/2015 22:24:40]"GET http://zc.qq.com/cgi-bin/chs/numreg/init? HTTP/1.0" 404 1713
[03/Aug/2015 22:26:13]"GET / HTTP/1.1" 200 2915
[03/Aug/2015 22:31:06]"GET http://zc.qq.com/cgi-bin/chs/numreg/init? HTTP/1.0" 404 1713
[03/Aug/2015 22:37:18]"GET http://zc.qq.com/cgi-bin/chs/numreg/init? HTTP/1.0" 404 1713
[03/Aug/2015 22:43:18]"GET http://zc.qq.com/cgi-bin/chs/numreg/init? HTTP/1.0" 404 1713
[03/Aug/2015 22:49:00]"GET http://zc.qq.com/cgi-bin/chs/numreg/init? HTTP/1.0" 404 1713
[03/Aug/2015 22:52:54]"GET / HTTP/1.1" 200 2915
[03/Aug/2015 22:55:05]"GET http://zc.qq.com/cgi-bin/chs/numreg/init? HTTP/1.0" 404 1713
[03/Aug/2015 23:01:35]"GET http://zc.qq.com/cgi-bin/chs/numreg/init? HTTP/1.0" 404 1713
[03/Aug/2015 23:07:35]"GET http://zc.qq.com/cgi-bin/chs/numreg/init? HTTP/1.0" 404 1713
[03/Aug/2015 23:13:30]"GET http://zc.qq.com/cgi-bin/chs/numreg/init? HTTP/1.0" 404 1713
[03/Aug/2015 23:13:48]"GET http://zc.qq.com/cgi-bin/chs/numreg/init? HTTP/1.0" 404 1713
[03/Aug/2015 23:19:59]"GET http://zc.qq.com/cgi-bin/chs/numreg/init? HTTP/1.0" 404 1713
[03/Aug/2015 23:25:54]"GET http://zc.qq.com/cgi-bin/chs/numreg/init? HTTP/1.0" 404 1713
[03/Aug/2015 23:31:51]"GET http://zc.qq.com/cgi-bin/chs/numreg/init? HTTP/1.0" 404 1713
[03/Aug/2015 23:38:16]"GET http://zc.qq.com/cgi-bin/chs/numreg/init? HTTP/1.0" 404 1713
[03/Aug/2015 23:44:07]"GET http://zc.qq.com/cgi-bin/chs/numreg/init? HTTP/1.0" 404 1713
[03/Aug/2015 23:56:13]"GET http://zc.qq.com/cgi-bin/chs/numreg/init? HTTP/1.0" 404 1713
[03/Aug/2015 23:56:15]"GET http://zc.qq.com/cgi-bin/chs/numreg/init? HTTP/1.0" 404 1713
[03/Aug/2015 23:57:00]"GET http://testp2.czar.bielawa.pl/testproxy.php HTTP/1.1" 404 1735
[04/Aug/2015 00:02:53]"GET http://zc.qq.com/cgi-bin/chs/numreg/init? HTTP/1.0" 404 1713
[04/Aug/2015 00:14:36]"GET http://zc.qq.com/cgi-bin/chs/numreg/init? HTTP/1.0" 404 1713
[04/Aug/2015 00:27:03]"GET http://zc.qq.com/cgi-bin/chs/numreg/init? HTTP/1.0" 404 1713
[04/Aug/2015 00:32:57]"GET http://zc.qq.com/cgi-bin/chs/numreg/init? HTTP/1.0" 404 1713
[04/Aug/2015 00:39:20]"GET http://zc.qq.com/cgi-bin/chs/numreg/init? HTTP/1.0" 404 1713
[04/Aug/2015 00:45:06]"GET http://zc.qq.com/cgi-bin/chs/numreg/init? HTTP/1.0" 404 1713
[04/Aug/2015 01:09:32]"GET http://zc.qq.com/cgi-bin/chs/numreg/init? HTTP/1.0" 404 1713
[04/Aug/2015 01:16:01]"GET http://zc.qq.com/cgi-bin/chs/numreg/init? HTTP/1.0" 404 1713
[04/Aug/2015 01:28:02]"GET http://zc.qq.com/cgi-bin/chs/numreg/init? HTTP/1.0" 404 1713
[04/Aug/2015 01:46:28]"GET http://zc.qq.com/cgi-bin/chs/numreg/init? HTTP/1.0" 404 1713
[04/Aug/2015 01:52:57]"GET http://zc.qq.com/cgi-bin/chs/numreg/init? HTTP/1.0" 404 1713
[04/Aug/2015 01:58:28]"GET http://zc.qq.com/cgi-bin/chs/numreg/init? HTTP/1.0" 404 1713
[04/Aug/2015 01:58:29]"GET http://zc.qq.com/cgi-bin/chs/numreg/init? HTTP/1.0" 404 1713
[04/Aug/2015 02:05:10]"GET http://zc.qq.com/cgi-bin/chs/numreg/init? HTTP/1.0" 404 1713
[04/Aug/2015 02:11:21]"GET http://zc.qq.com/cgi-bin/chs/numreg/init? HTTP/1.0" 404 1713
[04/Aug/2015 02:16:52]"GET http://zc.qq.com/cgi-bin/chs/numreg/init? HTTP/1.0" 404 1713
[04/Aug/2015 02:22:56]"GET http://zc.qq.com/cgi-bin/chs/numreg/init? HTTP/1.0" 404 1713
[04/Aug/2015 02:35:10]"GET http://zc.qq.com/cgi-bin/chs/numreg/init? HTTP/1.0" 404 1713
[04/Aug/2015 02:47:33]"GET http://zc.qq.com/cgi-bin/chs/numreg/init? HTTP/1.0" 404 1713
[04/Aug/2015 02:59:28]"GET http://zc.qq.com/cgi-bin/chs/numreg/init? HTTP/1.0" 404 1713
[04/Aug/2015 03:00:10]"GET http://zc.qq.com/cgi-bin/chs/numreg/init? HTTP/1.0" 404 1713
[04/Aug/2015 03:17:53]"GET http://zc.qq.com/cgi-bin/chs/numreg/init? HTTP/1.0" 404 1713
[04/Aug/2015 03:42:31]"GET http://zc.qq.com/cgi-bin/chs/numreg/init? HTTP/1.0" 404 1713
[04/Aug/2015 03:48:24]"GET http://zc.qq.com/cgi-bin/chs/numreg/init? HTTP/1.0" 404 1713
[04/Aug/2015 03:54:41]"GET http://zc.qq.com/cgi-bin/chs/numreg/init? HTTP/1.0" 404 1713
[04/Aug/2015 04:00:46]"GET http://zc.qq.com/cgi-bin/chs/numreg/init? HTTP/1.0" 404 1713
[04/Aug/2015 04:06:42]"GET http://zc.qq.com/cgi-bin/chs/numreg/init? HTTP/1.0" 404 1713
[04/Aug/2015 04:06:52]"GET http://zc.qq.com/cgi-bin/chs/numreg/init? HTTP/1.0" 404 1713
[04/Aug/2015 04:19:12]"GET http://zc.qq.com/cgi-bin/chs/numreg/init? HTTP/1.0" 404 1713
[04/Aug/2015 04:25:10]"GET http://zc.qq.com/cgi-bin/chs/numreg/init? HTTP/1.0" 404 1713
[04/Aug/2015 04:25:37]"GET /robots.txt HTTP/1.1" 404 2065
[04/Aug/2015 04:25:37]"GET / HTTP/1.1" 200 2915
[04/Aug/2015 04:37:19]"GET http://zc.qq.com/cgi-bin/chs/numreg/init? HTTP/1.0" 404 1713
[04/Aug/2015 04:43:19]"GET http://zc.qq.com/cgi-bin/chs/numreg/init? HTTP/1.0" 404 1713
[04/Aug/2015 04:43:29]"GET http://zc.qq.com/cgi-bin/chs/numreg/init? HTTP/1.0" 404 1713
[04/Aug/2015 04:55:47]"GET http://zc.qq.com/cgi-bin/chs/numreg/init? HTTP/1.0" 404 1713
[04/Aug/2015 05:01:50]"GET http://zc.qq.com/cgi-bin/chs/numreg/init? HTTP/1.0" 404 1713
[04/Aug/2015 05:08:27]"GET http://zc.qq.com/cgi-bin/chs/numreg/init? HTTP/1.0" 404 1713
[04/Aug/2015 05:14:10]"GET http://zc.qq.com/cgi-bin/chs/numreg/init? HTTP/1.0" 404 1713
[04/Aug/2015 05:20:16]"GET http://zc.qq.com/cgi-bin/chs/numreg/init? HTTP/1.0" 404 1713
[04/Aug/2015 05:26:14]"GET http://zc.qq.com/cgi-bin/chs/numreg/init? HTTP/1.0" 404 1713
[04/Aug/2015 05:52:45]"GET http://zc.qq.com/cgi-bin/chs/numreg/init? HTTP/1.0" 404 1713
[04/Aug/2015 05:58:18]"GET http://zc.qq.com/cgi-bin/chs/numreg/init? HTTP/1.0" 404 1713
[04/Aug/2015 06:04:48]"GET http://zc.qq.com/cgi-bin/chs/numreg/init? HTTP/1.0" 404 1713
[04/Aug/2015 06:10:27]"GET http://zc.qq.com/cgi-bin/chs/numreg/init? HTTP/1.0" 404 1713
[04/Aug/2015 06:16:53]"GET http://zc.qq.com/cgi-bin/chs/numreg/init? HTTP/1.0" 404 1713
[04/Aug/2015 06:17:53]"GET http://testp4.pospr.waw.pl/testproxy.php HTTP/1.1" 404 1723
[04/Aug/2015 06:23:11]"GET http://zc.qq.com/cgi-bin/chs/numreg/init? HTTP/1.0" 404 1713
[04/Aug/2015 06:34:51]"GET http://zc.qq.com/cgi-bin/chs/numreg/init? HTTP/1.0" 404 1713
[04/Aug/2015 06:47:21]"GET http://zc.qq.com/cgi-bin/chs/numreg/init? HTTP/1.0" 404 1713
[04/Aug/2015 07:10:57]"GET http://zc.qq.com/cgi-bin/chs/numreg/init? HTTP/1.0" 404 1713
[04/Aug/2015 07:16:46]"GET http://zc.qq.com/cgi-bin/chs/numreg/init? HTTP/1.0" 404 1713
[04/Aug/2015 07:23:06]"GET http://zc.qq.com/cgi-bin/chs/numreg/init? HTTP/1.0" 404 1713
[04/Aug/2015 07:28:51]"GET http://zc.qq.com/cgi-bin/chs/numreg/init? HTTP/1.0" 404 1713
[04/Aug/2015 07:47:16]"GET http://zc.qq.com/cgi-bin/chs/numreg/init? HTTP/1.0" 404 1713
[04/Aug/2015 07:53:27]"GET http://zc.qq.com/cgi-bin/chs/numreg/init? HTTP/1.0" 404 1713
[04/Aug/2015 07:59:23]"GET http://zc.qq.com/cgi-bin/chs/numreg/init? HTTP/1.0" 404 1713
[04/Aug/2015 08:05:13]"GET http://zc.qq.com/cgi-bin/chs/numreg/init? HTTP/1.0" 404 1713
[04/Aug/2015 08:09:35]"GET / HTTP/1.1" 200 2915
[04/Aug/2015 08:10:59]"GET http://zc.qq.com/cgi-bin/chs/numreg/init? HTTP/1.0" 404 1713
[04/Aug/2015 08:11:10]"GET http://zc.qq.com/cgi-bin/chs/numreg/init? HTTP/1.0" 404 1713
[04/Aug/2015 08:17:06]"GET http://zc.qq.com/cgi-bin/chs/numreg/init? HTTP/1.0" 404 1713
[04/Aug/2015 08:29:30]"GET http://zc.qq.com/cgi-bin/chs/numreg/init? HTTP/1.0" 404 1713
[04/Aug/2015 08:35:41]"GET http://zc.qq.com/cgi-bin/chs/numreg/init? HTTP/1.0" 404 1713
[04/Aug/2015 08:44:14]"GET / HTTP/1.1" 200 2915
[04/Aug/2015 08:44:14]"GET /static/js/jquery.min.js HTTP/1.1" 200 83095
[04/Aug/2015 08:44:15]"GET /static/css/bootstrap.min.css HTTP/1.1" 200 98453
[04/Aug/2015 08:44:15]"GET / HTTP/1.1" 200 2915
[04/Aug/2015 08:44:16]"GET /static/css/bootstrap-theme.css HTTP/1.1" 200 4909
[04/Aug/2015 08:44:16]"GET /static/js/bootstrap-min.js HTTP/1.1" 404 1671
[04/Aug/2015 08:44:16]"GET /favicon.ico HTTP/1.1" 404 2064
[04/Aug/2015 08:47:39]"GET http://zc.qq.com/cgi-bin/chs/numreg/init? HTTP/1.0" 404 1713
[04/Aug/2015 08:59:59]"GET http://zc.qq.com/cgi-bin/chs/numreg/init? HTTP/1.0" 404 1713
[04/Aug/2015 09:05:27]"GET http://zc.qq.com/cgi-bin/chs/numreg/init? HTTP/1.0" 404 1713
[04/Aug/2015 09:11:42]"GET http://zc.qq.com/cgi-bin/chs/numreg/init? HTTP/1.0" 404 1713
[04/Aug/2015 09:17:31]"GET http://zc.qq.com/cgi-bin/chs/numreg/init? HTTP/1.0" 404 1713
[04/Aug/2015 09:23:47]"GET http://zc.qq.com/cgi-bin/chs/numreg/init? HTTP/1.0" 404 1713
[04/Aug/2015 09:41:50]"GET http://zc.qq.com/cgi-bin/chs/numreg/init? HTTP/1.0" 404 1713
[04/Aug/2015 09:47:40]"GET http://zc.qq.com/cgi-bin/chs/numreg/init? HTTP/1.0" 404 1713
[04/Aug/2015 09:53:50]"GET http://zc.qq.com/cgi-bin/chs/numreg/init? HTTP/1.0" 404 1713
[04/Aug/2015 09:54:13]"GET http://zc.qq.com/cgi-bin/chs/numreg/init? HTTP/1.0" 404 1713
[04/Aug/2015 09:59:54]"GET http://zc.qq.com/cgi-bin/chs/numreg/init? HTTP/1.0" 404 1713
[04/Aug/2015 10:05:47]"GET http://zc.qq.com/cgi-bin/chs/numreg/init? HTTP/1.0" 404 1713
[04/Aug/2015 10:11:01]"GET /admin/login/?next=/admin/ HTTP/1.1" 200 1915
[04/Aug/2015 10:11:02]"GET /static/admin/css/base.css HTTP/1.1" 304 0
[04/Aug/2015 10:11:02]"GET /static/admin/css/login.css HTTP/1.1" 304 0
[04/Aug/2015 10:11:03]"GET /static/admin/img/nav-bg.gif HTTP/1.1" 304 0
[04/Aug/2015 10:11:04]"GET /favicon.ico HTTP/1.1" 404 2064
[04/Aug/2015 10:11:05]"GET / HTTP/1.1" 200 2915
[04/Aug/2015 10:11:06]"GET /static/css/bootstrap.min.css HTTP/1.1" 304 0
[04/Aug/2015 10:11:06]"GET /static/css/bootstrap-theme.css HTTP/1.1" 304 0
[04/Aug/2015 10:11:06]"GET /static/js/jquery.min.js HTTP/1.1" 304 0
[04/Aug/2015 10:11:06]"GET /static/js/bootstrap-min.js HTTP/1.1" 404 1671
[04/Aug/2015 10:11:08]"GET /favicon.ico HTTP/1.1" 404 2064
[04/Aug/2015 10:12:00]"GET http://zc.qq.com/cgi-bin/chs/numreg/init? HTTP/1.0" 404 1713
[04/Aug/2015 10:23:53]"GET http://zc.qq.com/cgi-bin/chs/numreg/init? HTTP/1.0" 404 1713
[04/Aug/2015 10:23:53]"GET http://zc.qq.com/cgi-bin/chs/numreg/init? HTTP/1.0" 404 1713
[04/Aug/2015 10:29:56]"GET http://zc.qq.com/cgi-bin/chs/numreg/init? HTTP/1.0" 404 1713
[04/Aug/2015 10:36:23]"GET http://zc.qq.com/cgi-bin/chs/numreg/init? HTTP/1.0" 404 1713
[04/Aug/2015 10:42:17]"GET http://zc.qq.com/cgi-bin/chs/numreg/init? HTTP/1.0" 404 1713
[04/Aug/2015 10:47:38]"GET / HTTP/1.1" 200 2915
[04/Aug/2015 10:47:40]"GET /static/js/bootstrap-min.js HTTP/1.1" 404 1671
[04/Aug/2015 10:47:42]"GET / HTTP/1.1" 200 2915
[04/Aug/2015 10:47:42]"GET /favicon.ico HTTP/1.1" 404 2064
[04/Aug/2015 10:47:44]"GET /static/js/bootstrap-min.js HTTP/1.1" 404 1671
[04/Aug/2015 10:47:45]"GET /favicon.ico HTTP/1.1" 404 2064
[04/Aug/2015 10:54:15]"GET http://zc.qq.com/cgi-bin/chs/numreg/init? HTTP/1.0" 404 1713
[04/Aug/2015 11:00:23]"GET http://zc.qq.com/cgi-bin/chs/numreg/init? HTTP/1.0" 404 1713
[04/Aug/2015 11:00:38]"PUT /webdav/b5d04dc2.php HTTP/1.1" 404 2087
[04/Aug/2015 11:06:38]"GET http://zc.qq.com/cgi-bin/chs/numreg/init? HTTP/1.0" 404 1713
[04/Aug/2015 11:12:15]"GET http://zc.qq.com/cgi-bin/chs/numreg/init? HTTP/1.0" 404 1713
[04/Aug/2015 11:12:27]"GET http://zc.qq.com/cgi-bin/chs/numreg/init? HTTP/1.0" 404 1713
[04/Aug/2015 11:18:27]"GET http://zc.qq.com/cgi-bin/chs/numreg/init? HTTP/1.0" 404 1713
[04/Aug/2015 11:24:59]"GET http://zc.qq.com/cgi-bin/chs/numreg/init? HTTP/1.0" 404 1713
[04/Aug/2015 11:37:09]"GET / HTTP/1.1" 200 2915
[04/Aug/2015 11:37:10]"GET /static/css/bootstrap.min.css HTTP/1.1" 304 0
[04/Aug/2015 11:37:10]"GET /static/css/bootstrap-theme.css HTTP/1.1" 304 0
[04/Aug/2015 11:37:10]"GET /static/js/bootstrap-min.js HTTP/1.1" 404 1671
[04/Aug/2015 11:37:11]"GET /static/js/jquery.min.js HTTP/1.1" 304 0
[04/Aug/2015 11:40:32]"GET / HTTP/1.1" 200 3868
[04/Aug/2015 11:40:34]"GET /static/images/logo.png HTTP/1.1" 200 5855
[04/Aug/2015 11:40:34]"GET /static/css/main.css HTTP/1.1" 200 4085
[04/Aug/2015 11:40:34]"GET /static/js/bootstrap-min.js HTTP/1.1" 404 1671
[04/Aug/2015 11:40:45]"GET /admin HTTP/1.1" 301 0
[04/Aug/2015 11:40:45]"GET /admin/ HTTP/1.1" 200 4535
[04/Aug/2015 11:40:46]"GET /static/admin/css/base.css HTTP/1.1" 200 14049
[04/Aug/2015 11:40:46]"GET /static/admin/css/dashboard.css HTTP/1.1" 200 434
[04/Aug/2015 11:40:47]"GET /static/admin/img/default-bg.gif HTTP/1.1" 200 836
[04/Aug/2015 11:40:47]"GET /static/admin/img/icon_addlink.gif HTTP/1.1" 200 119
[04/Aug/2015 11:40:48]"GET /static/admin/img/icon_changelink.gif HTTP/1.1" 200 119
[04/Aug/2015 11:40:48]"GET /static/admin/img/nav-bg.gif HTTP/1.1" 200 265
[04/Aug/2015 11:42:46]"GET http://zc.qq.com/cgi-bin/chs/numreg/init? HTTP/1.0" 404 1713
[04/Aug/2015 11:54:35]"GET http://zc.qq.com/cgi-bin/chs/numreg/init? HTTP/1.0" 404 1713
[04/Aug/2015 12:00:45]"GET http://zc.qq.com/cgi-bin/chs/numreg/init? HTTP/1.0" 404 1713
[04/Aug/2015 12:06:55]"GET http://zc.qq.com/cgi-bin/chs/numreg/init? HTTP/1.0" 404 1713
[04/Aug/2015 12:12:40]"GET http://zc.qq.com/cgi-bin/chs/numreg/init? HTTP/1.0" 404 1713
[04/Aug/2015 12:18:43]"GET http://zc.qq.com/cgi-bin/chs/numreg/init? HTTP/1.0" 404 1713
[04/Aug/2015 12:31:11]"GET http://zc.qq.com/cgi-bin/chs/numreg/init? HTTP/1.0" 404 1713
[04/Aug/2015 12:37:09]"GET http://zc.qq.com/cgi-bin/chs/numreg/init? HTTP/1.0" 404 1713
[04/Aug/2015 12:45:57]"GET / HTTP/1.1" 200 3868
[04/Aug/2015 12:46:09]"GET / HTTP/1.1" 200 3868
[04/Aug/2015 12:46:10]"GET / HTTP/1.1" 200 3868
[04/Aug/2015 12:46:11]"GET /static/css/main.css HTTP/1.1" 304 0
[04/Aug/2015 12:46:11]"GET /static/js/bootstrap-min.js HTTP/1.1" 404 1671
[04/Aug/2015 12:46:14]"GET /static/images/logo.png HTTP/1.1" 304 0
[04/Aug/2015 12:46:20]"GET / HTTP/1.1" 200 3868
[04/Aug/2015 12:47:46]"GET /static/js/bootstrap-min.js HTTP/1.1" 404 1671
[04/Aug/2015 12:52:19]"GET / HTTP/1.1" 200 3868
[04/Aug/2015 12:52:19]"GET /static/css/main.css HTTP/1.1" 200 4085
[04/Aug/2015 12:52:21]"GET /static/js/bootstrap-min.js HTTP/1.1" 404 1671
[04/Aug/2015 12:52:22]"GET /static/images/logo.png HTTP/1.1" 200 5855
[04/Aug/2015 12:52:32]"GET /favicon.ico HTTP/1.1" 404 2064
[04/Aug/2015 12:52:50]"GET /favicon.ico HTTP/1.1" 404 2064
[04/Aug/2015 12:53:00]"GET / HTTP/1.1" 200 3868
[04/Aug/2015 12:53:04]"GET /static/js/bootstrap-min.js HTTP/1.1" 404 1671
[04/Aug/2015 12:53:09]"GET /favicon.ico HTTP/1.1" 404 2064
[04/Aug/2015 12:53:16]"GET /admin/ HTTP/1.1" 200 4535
[04/Aug/2015 12:54:06]"GET /favicon.ico HTTP/1.1" 404 2064
[04/Aug/2015 13:01:18]"GET http://zc.qq.com/cgi-bin/chs/numreg/init? HTTP/1.0" 404 1713
